0 verbose cli C:\Program Files\nodejs\node.exe C:\Users\JIMUTHA\AppData\Roaming\npm\node_modules\npm\bin\npm-cli.js
1 info using npm@11.5.2
2 info using node@v22.18.0
3 silly config load:file:C:\Users\JIMUTHA\AppData\Roaming\npm\node_modules\npm\npmrc
4 silly config load:file:C:\Users\JIMUTHA\Desktop\GamageRec\2nd\library\library-mana\backend\.npmrc
5 silly config load:file:C:\Users\JIMUTHA\.npmrc
6 silly config load:file:C:\Users\JIMUTHA\AppData\Roaming\npm\etc\npmrc
7 verbose title npm install morgan
8 verbose argv "install" "morgan"
9 verbose logfile logs-max:10 dir:C:\Users\JIMUTHA\Desktop\GamageRec\2nd\library\library-mana\backend\UsersJIMUTHAnpm-cache\_logs\2025-08-21T05_36_18_255Z-
10 verbose logfile C:\Users\JIMUTHA\Desktop\GamageRec\2nd\library\library-mana\backend\UsersJIMUTHAnpm-cache\_logs\2025-08-21T05_36_18_255Z-debug-0.log
11 silly logfile done cleaning log files
12 silly packumentCache heap:2197815296 maxSize:549453824 maxEntrySize:274726912
13 silly idealTree buildDeps
14 silly fetch manifest bcryptjs@^2.4.3
15 silly packumentCache full:https://registry.npmjs.org/bcryptjs cache-miss
16 http fetch GET 200 https://registry.npmjs.org/bcryptjs 512ms (cache revalidated)
17 silly packumentCache full:https://registry.npmjs.org/bcryptjs set size:77787 disposed:false
18 silly fetch manifest dotenv@^16.4.5
19 silly packumentCache full:https://registry.npmjs.org/dotenv cache-miss
20 http fetch GET 200 https://registry.npmjs.org/dotenv 123ms (cache revalidated)
21 silly packumentCache full:https://registry.npmjs.org/dotenv set size:255898 disposed:false
22 silly fetch manifest express@^4.19.2
23 silly packumentCache full:https://registry.npmjs.org/express cache-miss
24 http fetch GET 200 https://registry.npmjs.org/express 156ms (cache revalidated)
25 silly packumentCache full:https://registry.npmjs.org/express set size:796252 disposed:false
26 silly fetch manifest express-async-handler@^1.2.0
27 silly packumentCache full:https://registry.npmjs.org/express-async-handler cache-miss
28 http fetch GET 200 https://registry.npmjs.org/express-async-handler 139ms (cache miss)
29 silly packumentCache full:https://registry.npmjs.org/express-async-handler set size:undefined disposed:false
30 silly fetch manifest morgan@^1.10.0
31 silly packumentCache full:https://registry.npmjs.org/morgan cache-miss
32 http fetch GET 200 https://registry.npmjs.org/morgan 149ms (cache miss)
33 silly packumentCache full:https://registry.npmjs.org/morgan set size:undefined disposed:false
34 silly placeDep ROOT bcryptjs@2.4.3 REPLACE for: library-book-manager-backend@1.0.0 want: ^2.4.3
35 silly placeDep ROOT dotenv@16.6.1 REPLACE for: library-book-manager-backend@1.0.0 want: ^16.4.5
36 silly placeDep ROOT express@4.21.2 REPLACE for: library-book-manager-backend@1.0.0 want: ^4.19.2
37 silly placeDep ROOT express-async-handler@1.2.0 OK for: library-book-manager-backend@1.0.0 want: ^1.2.0
38 silly placeDep ROOT morgan@1.10.1 OK for: library-book-manager-backend@1.0.0 want: ^1.10.0
39 silly fetch manifest qs@6.13.0
40 silly packumentCache full:https://registry.npmjs.org/qs cache-miss
41 silly fetch manifest depd@2.0.0
42 silly packumentCache full:https://registry.npmjs.org/depd cache-miss
43 silly fetch manifest etag@~1.8.1
44 silly packumentCache full:https://registry.npmjs.org/etag cache-miss
45 silly fetch manifest send@0.19.0
46 silly packumentCache full:https://registry.npmjs.org/send cache-miss
47 silly fetch manifest debug@2.6.9
48 silly packumentCache full:https://registry.npmjs.org/debug cache-miss
49 silly fetch manifest fresh@0.5.2
50 silly packumentCache full:https://registry.npmjs.org/fresh cache-miss
51 silly fetch manifest cookie@0.7.1
52 silly packumentCache full:https://registry.npmjs.org/cookie cache-miss
53 silly fetch manifest accepts@~1.3.8
54 silly packumentCache full:https://registry.npmjs.org/accepts cache-miss
55 silly fetch manifest methods@~1.1.2
56 silly packumentCache full:https://registry.npmjs.org/methods cache-miss
57 silly fetch manifest type-is@~1.6.18
58 silly packumentCache full:https://registry.npmjs.org/type-is cache-miss
59 silly fetch manifest parseurl@~1.3.3
60 silly packumentCache full:https://registry.npmjs.org/parseurl cache-miss
61 http fetch GET 200 https://registry.npmjs.org/methods 137ms (cache miss)
62 silly packumentCache full:https://registry.npmjs.org/methods set size:undefined disposed:false
63 silly fetch manifest statuses@2.0.1
64 silly packumentCache full:https://registry.npmjs.org/statuses cache-miss
65 http fetch GET 200 https://registry.npmjs.org/statuses 140ms (cache revalidated)
66 silly packumentCache full:https://registry.npmjs.org/statuses set size:37117 disposed:false
67 silly fetch manifest encodeurl@~2.0.0
68 silly packumentCache full:https://registry.npmjs.org/encodeurl cache-miss
69 http fetch GET 200 https://registry.npmjs.org/encodeurl 136ms (cache revalidated)
70 silly packumentCache full:https://registry.npmjs.org/encodeurl set size:12296 disposed:false
71 silly fetch manifest body-parser@1.20.3
72 silly packumentCache full:https://registry.npmjs.org/body-parser cache-miss
73 http fetch GET 200 https://registry.npmjs.org/qs 438ms (cache revalidated)
74 silly packumentCache full:https://registry.npmjs.org/qs set size:264677 disposed:false
75 silly fetch manifest escape-html@~1.0.3
76 silly packumentCache full:https://registry.npmjs.org/escape-html cache-miss
77 http fetch GET 200 https://registry.npmjs.org/depd 451ms (cache revalidated)
78 silly packumentCache full:https://registry.npmjs.org/depd set size:40182 disposed:false
79 silly fetch manifest http-errors@2.0.0
80 silly packumentCache full:https://registry.npmjs.org/http-errors cache-miss
81 http fetch GET 200 https://registry.npmjs.org/etag 453ms (cache revalidated)
82 silly packumentCache full:https://registry.npmjs.org/etag set size:30032 disposed:false
83 silly fetch manifest on-finished@2.4.1
84 silly packumentCache full:https://registry.npmjs.org/on-finished cache-miss
85 http fetch GET 200 https://registry.npmjs.org/send 456ms (cache revalidated)
86 silly packumentCache full:https://registry.npmjs.org/send set size:147586 disposed:false
87 silly fetch manifest utils-merge@1.0.1
88 silly packumentCache full:https://registry.npmjs.org/utils-merge cache-miss
89 http fetch GET 200 https://registry.npmjs.org/parseurl 479ms (cache revalidated)
90 silly packumentCache full:https://registry.npmjs.org/parseurl set size:24148 disposed:false
91 silly fetch manifest content-type@~1.0.4
92 silly packumentCache full:https://registry.npmjs.org/content-type cache-miss
93 http fetch GET 200 https://registry.npmjs.org/cookie 482ms (cache revalidated)
94 silly packumentCache full:https://registry.npmjs.org/cookie set size:67180 disposed:false
95 silly fetch manifest finalhandler@1.3.1
96 silly packumentCache full:https://registry.npmjs.org/finalhandler cache-miss
97 http fetch GET 200 https://registry.npmjs.org/fresh 486ms (cache revalidated)
98 silly packumentCache full:https://registry.npmjs.org/fresh set size:25427 disposed:false
99 silly fetch manifest range-parser@~1.2.1
100 silly packumentCache full:https://registry.npmjs.org/range-parser cache-miss
101 http fetch GET 200 https://registry.npmjs.org/type-is 487ms (cache revalidated)
102 silly packumentCache full:https://registry.npmjs.org/type-is set size:86196 disposed:false
103 silly fetch manifest serve-static@1.16.2
104 silly packumentCache full:https://registry.npmjs.org/serve-static cache-miss
105 http fetch GET 200 https://registry.npmjs.org/debug 502ms (cache revalidated)
106 silly packumentCache full:https://registry.npmjs.org/debug set size:193521 disposed:false
107 silly fetch manifest array-flatten@1.1.1
108 silly packumentCache full:https://registry.npmjs.org/array-flatten cache-miss
109 http fetch GET 200 https://registry.npmjs.org/accepts 525ms (cache revalidated)
110 silly packumentCache full:https://registry.npmjs.org/accepts set size:77054 disposed:false
111 silly fetch manifest path-to-regexp@0.1.12
112 silly packumentCache full:https://registry.npmjs.org/path-to-regexp cache-miss
113 http fetch GET 200 https://registry.npmjs.org/body-parser 129ms (cache revalidated)
114 silly packumentCache full:https://registry.npmjs.org/body-parser set size:209520 disposed:false
115 silly fetch manifest setprototypeof@1.2.0
116 silly packumentCache full:https://registry.npmjs.org/setprototypeof cache-miss
117 http fetch GET 200 https://registry.npmjs.org/escape-html 150ms (cache revalidated)
118 silly packumentCache full:https://registry.npmjs.org/escape-html set size:7345 disposed:false
119 silly fetch manifest cookie-signature@1.0.6
120 silly packumentCache full:https://registry.npmjs.org/cookie-signature cache-miss
121 http fetch GET 200 https://registry.npmjs.org/utils-merge 151ms (cache miss)
122 silly packumentCache full:https://registry.npmjs.org/utils-merge set size:undefined disposed:false
123 silly fetch manifest merge-descriptors@1.0.3
124 silly packumentCache full:https://registry.npmjs.org/merge-descriptors cache-miss
125 http fetch GET 200 https://registry.npmjs.org/on-finished 167ms (cache revalidated)
126 silly packumentCache full:https://registry.npmjs.org/on-finished set size:23212 disposed:false
127 silly fetch manifest content-disposition@0.5.4
128 silly packumentCache full:https://registry.npmjs.org/content-disposition cache-miss
129 http fetch GET 200 https://registry.npmjs.org/http-errors 171ms (cache revalidated)
130 silly packumentCache full:https://registry.npmjs.org/http-errors set size:69537 disposed:false
131 silly fetch manifest basic-auth@~2.0.1
132 silly packumentCache full:https://registry.npmjs.org/basic-auth cache-miss
133 http fetch GET 200 https://registry.npmjs.org/range-parser 158ms (cache revalidated)
134 silly packumentCache full:https://registry.npmjs.org/range-parser set size:22228 disposed:false
135 silly fetch manifest depd@~2.0.0
136 silly packumentCache full:https://registry.npmjs.org/depd cache-hit
137 silly fetch manifest on-finished@~2.3.0
138 silly packumentCache full:https://registry.npmjs.org/on-finished cache-hit
139 silly fetch manifest on-headers@~1.1.0
140 silly packumentCache full:https://registry.npmjs.org/on-headers cache-miss
141 http fetch GET 200 https://registry.npmjs.org/finalhandler 162ms (cache revalidated)
142 silly packumentCache full:https://registry.npmjs.org/finalhandler set size:74406 disposed:false
143 http fetch GET 200 https://registry.npmjs.org/array-flatten 142ms (cache miss)
144 silly packumentCache full:https://registry.npmjs.org/array-flatten set size:undefined disposed:false
145 http fetch GET 200 https://registry.npmjs.org/serve-static 172ms (cache revalidated)
146 silly packumentCache full:https://registry.npmjs.org/serve-static set size:145938 disposed:false
147 http fetch GET 200 https://registry.npmjs.org/content-type 185ms (cache revalidated)
148 silly packumentCache full:https://registry.npmjs.org/content-type set size:17311 disposed:false
149 http fetch GET 200 https://registry.npmjs.org/path-to-regexp 140ms (cache revalidated)
150 silly packumentCache full:https://registry.npmjs.org/path-to-regexp set size:196503 disposed:false
151 http fetch GET 200 https://registry.npmjs.org/setprototypeof 121ms (cache revalidated)
152 silly packumentCache full:https://registry.npmjs.org/setprototypeof set size:14532 disposed:false
153 http fetch GET 200 https://registry.npmjs.org/cookie-signature 115ms (cache revalidated)
154 silly packumentCache full:https://registry.npmjs.org/cookie-signature set size:21777 disposed:false
155 http fetch GET 200 https://registry.npmjs.org/merge-descriptors 124ms (cache revalidated)
156 silly packumentCache full:https://registry.npmjs.org/merge-descriptors set size:16527 disposed:false
157 http fetch GET 200 https://registry.npmjs.org/content-disposition 132ms (cache revalidated)
158 silly packumentCache full:https://registry.npmjs.org/content-disposition set size:26893 disposed:false
159 http fetch GET 200 https://registry.npmjs.org/basic-auth 133ms (cache miss)
160 silly packumentCache full:https://registry.npmjs.org/basic-auth set size:undefined disposed:false
161 http fetch GET 200 https://registry.npmjs.org/on-headers 149ms (cache miss)
162 silly packumentCache full:https://registry.npmjs.org/on-headers set size:undefined disposed:false
163 silly placeDep ROOT accepts@1.3.8 OK for: express@4.21.2 want: ~1.3.8
164 silly placeDep ROOT array-flatten@1.1.1 OK for: express@4.21.2 want: 1.1.1
165 silly placeDep ROOT body-parser@1.20.3 OK for: express@4.21.2 want: 1.20.3
166 silly placeDep ROOT content-disposition@0.5.4 OK for: express@4.21.2 want: 0.5.4
167 silly placeDep ROOT content-type@1.0.5 OK for: express@4.21.2 want: ~1.0.4
168 silly placeDep ROOT cookie@0.7.1 OK for: express@4.21.2 want: 0.7.1
169 silly placeDep ROOT cookie-signature@1.0.6 OK for: express@4.21.2 want: 1.0.6
170 silly placeDep node_modules/express debug@2.6.9 OK for: express@4.21.2 want: 2.6.9
171 silly placeDep ROOT depd@2.0.0 OK for: express@4.21.2 want: 2.0.0
172 silly placeDep ROOT encodeurl@2.0.0 OK for: express@4.21.2 want: ~2.0.0
173 silly placeDep ROOT escape-html@1.0.3 OK for: express@4.21.2 want: ~1.0.3
174 silly placeDep ROOT etag@1.8.1 OK for: express@4.21.2 want: ~1.8.1
175 silly placeDep ROOT finalhandler@1.3.1 OK for: express@4.21.2 want: 1.3.1
176 silly placeDep ROOT fresh@0.5.2 OK for: express@4.21.2 want: 0.5.2
177 silly placeDep ROOT http-errors@2.0.0 OK for: express@4.21.2 want: 2.0.0
178 silly placeDep ROOT merge-descriptors@1.0.3 OK for: express@4.21.2 want: 1.0.3
179 silly placeDep ROOT methods@1.1.2 OK for: express@4.21.2 want: ~1.1.2
180 silly placeDep ROOT on-finished@2.4.1 OK for: express@4.21.2 want: 2.4.1
181 silly placeDep ROOT parseurl@1.3.3 OK for: express@4.21.2 want: ~1.3.3
182 silly placeDep ROOT path-to-regexp@0.1.12 OK for: express@4.21.2 want: 0.1.12
183 silly placeDep ROOT qs@6.13.0 OK for: express@4.21.2 want: 6.13.0
184 silly placeDep ROOT range-parser@1.2.1 OK for: express@4.21.2 want: ~1.2.1
185 silly placeDep ROOT send@0.19.0 OK for: express@4.21.2 want: 0.19.0
186 silly placeDep ROOT serve-static@1.16.2 OK for: express@4.21.2 want: 1.16.2
187 silly placeDep ROOT setprototypeof@1.2.0 OK for: express@4.21.2 want: 1.2.0
188 silly placeDep ROOT statuses@2.0.1 OK for: express@4.21.2 want: 2.0.1
189 silly placeDep ROOT type-is@1.6.18 OK for: express@4.21.2 want: ~1.6.18
190 silly placeDep ROOT utils-merge@1.0.1 OK for: express@4.21.2 want: 1.0.1
191 silly fetch manifest mime-types@~2.1.34
192 silly packumentCache full:https://registry.npmjs.org/mime-types cache-miss
193 silly fetch manifest negotiator@0.6.3
194 silly packumentCache full:https://registry.npmjs.org/negotiator cache-miss
195 silly fetch manifest bytes@3.1.2
196 silly packumentCache full:https://registry.npmjs.org/bytes cache-miss
197 silly fetch manifest unpipe@1.0.0
198 silly packumentCache full:https://registry.npmjs.org/unpipe cache-miss
199 silly fetch manifest destroy@1.2.0
200 silly packumentCache full:https://registry.npmjs.org/destroy cache-miss
201 silly fetch manifest raw-body@2.5.2
202 silly packumentCache full:https://registry.npmjs.org/raw-body cache-miss
203 silly fetch manifest iconv-lite@0.4.24
204 silly packumentCache full:https://registry.npmjs.org/iconv-lite cache-miss
205 silly fetch manifest content-type@~1.0.5
206 silly packumentCache full:https://registry.npmjs.org/content-type cache-hit
207 silly fetch manifest ms@2.0.0
208 silly packumentCache full:https://registry.npmjs.org/ms cache-miss
209 silly fetch manifest unpipe@~1.0.0
210 silly packumentCache full:https://registry.npmjs.org/unpipe cache-miss
211 silly fetch manifest inherits@2.0.4
212 silly packumentCache full:https://registry.npmjs.org/inherits cache-miss
213 silly fetch manifest toidentifier@1.0.1
214 silly packumentCache full:https://registry.npmjs.org/toidentifier cache-miss
215 http fetch GET 200 https://registry.npmjs.org/mime-types 155ms (cache revalidated)
216 silly packumentCache full:https://registry.npmjs.org/mime-types set size:136716 disposed:false
217 silly fetch manifest ee-first@1.1.1
218 silly packumentCache full:https://registry.npmjs.org/ee-first cache-miss
219 http fetch GET 200 https://registry.npmjs.org/destroy 161ms (cache miss)
220 silly packumentCache full:https://registry.npmjs.org/destroy set size:undefined disposed:false
221 silly fetch manifest side-channel@^1.0.6
222 silly packumentCache full:https://registry.npmjs.org/side-channel cache-miss
223 http fetch GET 200 https://registry.npmjs.org/bytes 175ms (cache revalidated)
224 silly packumentCache full:https://registry.npmjs.org/bytes set size:37018 disposed:false
225 silly fetch manifest mime@1.6.0
226 silly packumentCache full:https://registry.npmjs.org/mime cache-miss
227 http fetch GET 200 https://registry.npmjs.org/unpipe 173ms (cache revalidated)
228 silly packumentCache full:https://registry.npmjs.org/unpipe set size:3537 disposed:false
229 silly fetch manifest encodeurl@~1.0.2
230 silly packumentCache full:https://registry.npmjs.org/encodeurl cache-hit
231 silly fetch manifest mime-types@~2.1.24
232 silly packumentCache full:https://registry.npmjs.org/mime-types cache-hit
233 silly fetch manifest media-typer@0.3.0
234 silly packumentCache full:https://registry.npmjs.org/media-typer cache-miss
235 http fetch GET 200 https://registry.npmjs.org/unpipe 179ms (cache revalidated)
236 silly packumentCache full:https://registry.npmjs.org/unpipe set size:3537 disposed:false
237 silly packumentCache full:https://registry.npmjs.org/unpipe dispose
238 http fetch GET 200 https://registry.npmjs.org/ms 177ms (cache revalidated)
239 silly packumentCache full:https://registry.npmjs.org/ms set size:84883 disposed:false
240 http fetch GET 200 https://registry.npmjs.org/raw-body 181ms (cache revalidated)
241 silly packumentCache full:https://registry.npmjs.org/raw-body set size:108717 disposed:false
242 http fetch GET 200 https://registry.npmjs.org/inherits 189ms (cache revalidated)
243 silly packumentCache full:https://registry.npmjs.org/inherits set size:12925 disposed:false
244 http fetch GET 200 https://registry.npmjs.org/toidentifier 188ms (cache revalidated)
245 silly packumentCache full:https://registry.npmjs.org/toidentifier set size:12006 disposed:false
246 http fetch GET 200 https://registry.npmjs.org/negotiator 194ms (cache revalidated)
247 silly packumentCache full:https://registry.npmjs.org/negotiator set size:48046 disposed:false
248 http fetch GET 200 https://registry.npmjs.org/iconv-lite 205ms (cache updated)
249 silly packumentCache full:https://registry.npmjs.org/iconv-lite set size:undefined disposed:false
250 http fetch GET 200 https://registry.npmjs.org/ee-first 124ms (cache revalidated)
251 silly packumentCache full:https://registry.npmjs.org/ee-first set size:15327 disposed:false
252 http fetch GET 200 https://registry.npmjs.org/side-channel 137ms (cache revalidated)
253 silly packumentCache full:https://registry.npmjs.org/side-channel set size:24660 disposed:false
254 http fetch GET 200 https://registry.npmjs.org/media-typer 137ms (cache revalidated)
255 silly packumentCache full:https://registry.npmjs.org/media-typer set size:20873 disposed:false
256 http fetch GET 200 https://registry.npmjs.org/mime 145ms (cache miss)
257 silly packumentCache full:https://registry.npmjs.org/mime set size:undefined disposed:false
258 silly placeDep ROOT mime-types@2.1.35 OK for: accepts@1.3.8 want: ~2.1.34
259 silly placeDep ROOT negotiator@0.6.3 OK for: accepts@1.3.8 want: 0.6.3
260 silly fetch manifest mime-db@1.52.0
261 silly packumentCache full:https://registry.npmjs.org/mime-db cache-miss
262 http fetch GET 200 https://registry.npmjs.org/mime-db 116ms (cache revalidated)
263 silly packumentCache full:https://registry.npmjs.org/mime-db set size:164953 disposed:false
264 silly placeDep ROOT bytes@3.1.2 OK for: body-parser@1.20.3 want: 3.1.2
265 silly placeDep node_modules/body-parser debug@2.6.9 OK for: body-parser@1.20.3 want: 2.6.9
266 silly placeDep ROOT destroy@1.2.0 OK for: body-parser@1.20.3 want: 1.2.0
267 silly placeDep ROOT iconv-lite@0.4.24 OK for: body-parser@1.20.3 want: 0.4.24
268 silly placeDep ROOT raw-body@2.5.2 OK for: body-parser@1.20.3 want: 2.5.2
269 silly placeDep ROOT unpipe@1.0.0 OK for: body-parser@1.20.3 want: 1.0.0
270 silly fetch manifest safer-buffer@>= 2.1.2 < 3
271 silly packumentCache full:https://registry.npmjs.org/safer-buffer cache-miss
272 http fetch GET 200 https://registry.npmjs.org/safer-buffer 132ms (cache revalidated)
273 silly packumentCache full:https://registry.npmjs.org/safer-buffer set size:18521 disposed:false
274 silly placeDep node_modules/finalhandler debug@2.6.9 OK for: finalhandler@1.3.1 want: 2.6.9
275 silly placeDep ROOT inherits@2.0.4 OK for: http-errors@2.0.0 want: 2.0.4
276 silly placeDep ROOT toidentifier@1.0.1 OK for: http-errors@2.0.0 want: 1.0.1
277 silly placeDep ROOT safer-buffer@2.1.2 OK for: iconv-lite@0.4.24 want: >= 2.1.2 < 3
278 silly placeDep ROOT mime-db@1.52.0 OK for: mime-types@2.1.35 want: 1.52.0
279 silly placeDep ROOT basic-auth@2.0.1 OK for: morgan@1.10.1 want: ~2.0.1
280 silly placeDep node_modules/morgan debug@2.6.9 OK for: morgan@1.10.1 want: 2.6.9
281 silly placeDep node_modules/morgan on-finished@2.3.0 OK for: morgan@1.10.1 want: ~2.3.0
282 silly placeDep ROOT on-headers@1.1.0 OK for: morgan@1.10.1 want: ~1.1.0
283 silly fetch manifest safe-buffer@5.1.2
284 silly packumentCache full:https://registry.npmjs.org/safe-buffer cache-miss
285 http fetch GET 200 https://registry.npmjs.org/safe-buffer 135ms (cache revalidated)
286 silly packumentCache full:https://registry.npmjs.org/safe-buffer set size:41183 disposed:false
287 silly placeDep node_modules/basic-auth safe-buffer@5.1.2 OK for: basic-auth@2.0.1 want: 5.1.2
288 silly placeDep ROOT ee-first@1.1.1 OK for: on-finished@2.4.1 want: 1.1.1
289 silly placeDep ROOT side-channel@1.1.0 OK for: qs@6.13.0 want: ^1.0.6
290 silly fetch manifest es-errors@^1.3.0
291 silly packumentCache full:https://registry.npmjs.org/es-errors cache-miss
292 silly fetch manifest object-inspect@^1.13.3
293 silly packumentCache full:https://registry.npmjs.org/object-inspect cache-miss
294 silly fetch manifest side-channel-list@^1.0.0
295 silly packumentCache full:https://registry.npmjs.org/side-channel-list cache-miss
296 silly fetch manifest side-channel-map@^1.0.1
297 silly packumentCache full:https://registry.npmjs.org/side-channel-map cache-miss
298 silly fetch manifest side-channel-weakmap@^1.0.2
299 silly packumentCache full:https://registry.npmjs.org/side-channel-weakmap cache-miss
300 http fetch GET 200 https://registry.npmjs.org/side-channel-weakmap 125ms (cache revalidated)
301 silly packumentCache full:https://registry.npmjs.org/side-channel-weakmap set size:12620 disposed:false
302 http fetch GET 200 https://registry.npmjs.org/es-errors 130ms (cache revalidated)
303 silly packumentCache full:https://registry.npmjs.org/es-errors set size:16918 disposed:false
304 http fetch GET 200 https://registry.npmjs.org/side-channel-list 137ms (cache revalidated)
305 silly packumentCache full:https://registry.npmjs.org/side-channel-list set size:6005 disposed:false
306 http fetch GET 200 https://registry.npmjs.org/side-channel-map 140ms (cache revalidated)
307 silly packumentCache full:https://registry.npmjs.org/side-channel-map set size:9126 disposed:false
308 http fetch GET 200 https://registry.npmjs.org/object-inspect 144ms (cache revalidated)
309 silly packumentCache full:https://registry.npmjs.org/object-inspect set size:101912 disposed:false
310 silly placeDep node_modules/send debug@2.6.9 OK for: send@0.19.0 want: 2.6.9
311 silly placeDep node_modules/send encodeurl@1.0.2 OK for: send@0.19.0 want: ~1.0.2
312 silly placeDep ROOT mime@1.6.0 OK for: send@0.19.0 want: 1.6.0
313 silly placeDep ROOT es-errors@1.3.0 OK for: side-channel@1.1.0 want: ^1.3.0
314 silly placeDep ROOT object-inspect@1.13.4 OK for: side-channel@1.1.0 want: ^1.13.3
315 silly placeDep ROOT side-channel-list@1.0.0 OK for: side-channel@1.1.0 want: ^1.0.0
316 silly placeDep ROOT side-channel-map@1.0.1 OK for: side-channel@1.1.0 want: ^1.0.1
317 silly placeDep ROOT side-channel-weakmap@1.0.2 OK for: side-channel@1.1.0 want: ^1.0.2
318 silly fetch manifest call-bound@^1.0.2
319 silly packumentCache full:https://registry.npmjs.org/call-bound cache-miss
320 silly fetch manifest get-intrinsic@^1.2.5
321 silly packumentCache full:https://registry.npmjs.org/get-intrinsic cache-miss
322 silly fetch manifest call-bound@^1.0.2
323 silly packumentCache full:https://registry.npmjs.org/call-bound cache-miss
324 silly fetch manifest get-intrinsic@^1.2.5
325 silly packumentCache full:https://registry.npmjs.org/get-intrinsic cache-miss
326 http fetch GET 200 https://registry.npmjs.org/call-bound 131ms (cache revalidated)
327 silly packumentCache full:https://registry.npmjs.org/call-bound set size:15317 disposed:false
328 http fetch GET 200 https://registry.npmjs.org/get-intrinsic 133ms (cache revalidated)
329 silly packumentCache full:https://registry.npmjs.org/get-intrinsic set size:57687 disposed:false
330 http fetch GET 200 https://registry.npmjs.org/get-intrinsic 137ms (cache revalidated)
331 silly packumentCache full:https://registry.npmjs.org/get-intrinsic set size:57687 disposed:false
332 silly packumentCache full:https://registry.npmjs.org/get-intrinsic dispose
333 http fetch GET 200 https://registry.npmjs.org/call-bound 146ms (cache revalidated)
334 silly packumentCache full:https://registry.npmjs.org/call-bound set size:15317 disposed:false
335 silly packumentCache full:https://registry.npmjs.org/call-bound dispose
336 silly placeDep ROOT call-bound@1.0.4 OK for: side-channel-map@1.0.1 want: ^1.0.2
337 silly placeDep ROOT get-intrinsic@1.3.0 OK for: side-channel-map@1.0.1 want: ^1.2.5
338 silly fetch manifest call-bind-apply-helpers@^1.0.2
339 silly packumentCache full:https://registry.npmjs.org/call-bind-apply-helpers cache-miss
340 silly fetch manifest get-intrinsic@^1.3.0
341 silly packumentCache full:https://registry.npmjs.org/get-intrinsic cache-hit
342 silly fetch manifest call-bind-apply-helpers@^1.0.2
343 silly packumentCache full:https://registry.npmjs.org/call-bind-apply-helpers cache-miss
344 silly fetch manifest es-define-property@^1.0.1
345 silly packumentCache full:https://registry.npmjs.org/es-define-property cache-miss
346 silly fetch manifest es-object-atoms@^1.1.1
347 silly packumentCache full:https://registry.npmjs.org/es-object-atoms cache-miss
348 silly fetch manifest function-bind@^1.1.2
349 silly packumentCache full:https://registry.npmjs.org/function-bind cache-miss
350 silly fetch manifest get-proto@^1.0.1
351 silly packumentCache full:https://registry.npmjs.org/get-proto cache-miss
352 silly fetch manifest gopd@^1.2.0
353 silly packumentCache full:https://registry.npmjs.org/gopd cache-miss
354 silly fetch manifest has-symbols@^1.1.0
355 silly packumentCache full:https://registry.npmjs.org/has-symbols cache-miss
356 silly fetch manifest hasown@^2.0.2
357 silly packumentCache full:https://registry.npmjs.org/hasown cache-miss
358 silly fetch manifest math-intrinsics@^1.1.0
359 silly packumentCache full:https://registry.npmjs.org/math-intrinsics cache-miss
360 http fetch GET 200 https://registry.npmjs.org/gopd 147ms (cache revalidated)
361 silly packumentCache full:https://registry.npmjs.org/gopd set size:11458 disposed:false
362 http fetch GET 200 https://registry.npmjs.org/get-proto 148ms (cache revalidated)
363 silly packumentCache full:https://registry.npmjs.org/get-proto set size:8300 disposed:false
364 http fetch GET 200 https://registry.npmjs.org/es-define-property 149ms (cache revalidated)
365 silly packumentCache full:https://registry.npmjs.org/es-define-property set size:8542 disposed:false
366 http fetch GET 200 https://registry.npmjs.org/has-symbols 150ms (cache revalidated)
367 silly packumentCache full:https://registry.npmjs.org/has-symbols set size:21550 disposed:false
368 http fetch GET 200 https://registry.npmjs.org/call-bind-apply-helpers 152ms (cache revalidated)
369 silly packumentCache full:https://registry.npmjs.org/call-bind-apply-helpers set size:12744 disposed:false
370 http fetch GET 200 https://registry.npmjs.org/function-bind 153ms (cache revalidated)
371 silly packumentCache full:https://registry.npmjs.org/function-bind set size:15733 disposed:false
372 http fetch GET 200 https://registry.npmjs.org/hasown 153ms (cache revalidated)
373 silly packumentCache full:https://registry.npmjs.org/hasown set size:12476 disposed:false
374 http fetch GET 200 https://registry.npmjs.org/call-bind-apply-helpers 157ms (cache revalidated)
375 silly packumentCache full:https://registry.npmjs.org/call-bind-apply-helpers set size:12744 disposed:false
376 silly packumentCache full:https://registry.npmjs.org/call-bind-apply-helpers dispose
377 http fetch GET 200 https://registry.npmjs.org/math-intrinsics 161ms (cache revalidated)
378 silly packumentCache full:https://registry.npmjs.org/math-intrinsics set size:9265 disposed:false
379 http fetch GET 200 https://registry.npmjs.org/es-object-atoms 792ms (cache revalidated)
380 silly packumentCache full:https://registry.npmjs.org/es-object-atoms set size:15304 disposed:false
381 silly placeDep ROOT call-bind-apply-helpers@1.0.2 OK for: call-bound@1.0.4 want: ^1.0.2
382 silly placeDep ROOT function-bind@1.1.2 OK for: call-bind-apply-helpers@1.0.2 want: ^1.1.2
383 silly placeDep ROOT es-define-property@1.0.1 OK for: get-intrinsic@1.3.0 want: ^1.0.1
384 silly placeDep ROOT es-object-atoms@1.1.1 OK for: get-intrinsic@1.3.0 want: ^1.1.1
385 silly placeDep ROOT get-proto@1.0.1 OK for: get-intrinsic@1.3.0 want: ^1.0.1
386 silly placeDep ROOT gopd@1.2.0 OK for: get-intrinsic@1.3.0 want: ^1.2.0
387 silly placeDep ROOT has-symbols@1.1.0 OK for: get-intrinsic@1.3.0 want: ^1.1.0
388 silly placeDep ROOT hasown@2.0.2 OK for: get-intrinsic@1.3.0 want: ^2.0.2
389 silly placeDep ROOT math-intrinsics@1.1.0 OK for: get-intrinsic@1.3.0 want: ^1.1.0
390 silly fetch manifest dunder-proto@^1.0.1
391 silly packumentCache full:https://registry.npmjs.org/dunder-proto cache-miss
392 http fetch GET 200 https://registry.npmjs.org/dunder-proto 137ms (cache revalidated)
393 silly packumentCache full:https://registry.npmjs.org/dunder-proto set size:8256 disposed:false
394 silly placeDep ROOT dunder-proto@1.0.1 OK for: get-proto@1.0.1 want: ^1.0.1
395 silly placeDep ROOT media-typer@0.3.0 OK for: type-is@1.6.18 want: 0.3.0
396 silly placeDep node_modules/body-parser ms@2.0.0 OK for: debug@2.6.9 want: 2.0.0
397 silly placeDep node_modules/express ms@2.0.0 OK for: debug@2.6.9 want: 2.0.0
398 silly placeDep node_modules/finalhandler ms@2.0.0 OK for: debug@2.6.9 want: 2.0.0
399 silly placeDep node_modules/morgan ms@2.0.0 OK for: debug@2.6.9 want: 2.0.0
400 silly placeDep node_modules/send/node_modules/debug ms@2.0.0 OK for: debug@2.6.9 want: 2.0.0
401 silly reify mark retired [
401 silly reify   'C:\\Users\\JIMUTHA\\Desktop\\GamageRec\\2nd\\library\\library-mana\\backend\\node_modules\\accepts'
401 silly reify ]
402 silly reify mark retired [
402 silly reify   'C:\\Users\\JIMUTHA\\Desktop\\GamageRec\\2nd\\library\\library-mana\\backend\\node_modules\\bcryptjs',
402 silly reify   'C:\\Users\\JIMUTHA\\Desktop\\GamageRec\\2nd\\library\\library-mana\\backend\\node_modules\\.bin\\bcrypt',
402 silly reify   'C:\\Users\\JIMUTHA\\Desktop\\GamageRec\\2nd\\library\\library-mana\\backend\\node_modules\\.bin\\bcrypt.cmd',
402 silly reify   'C:\\Users\\JIMUTHA\\Desktop\\GamageRec\\2nd\\library\\library-mana\\backend\\node_modules\\.bin\\bcrypt.ps1'
402 silly reify ]
403 silly reify mark retired [
403 silly reify   'C:\\Users\\JIMUTHA\\Desktop\\GamageRec\\2nd\\library\\library-mana\\backend\\node_modules\\body-parser'
403 silly reify ]
404 silly reify mark retired [
404 silly reify   'C:\\Users\\JIMUTHA\\Desktop\\GamageRec\\2nd\\library\\library-mana\\backend\\node_modules\\content-disposition'
404 silly reify ]
405 silly reify mark retired [
405 silly reify   'C:\\Users\\JIMUTHA\\Desktop\\GamageRec\\2nd\\library\\library-mana\\backend\\node_modules\\cookie'
405 silly reify ]
406 silly reify mark retired [
406 silly reify   'C:\\Users\\JIMUTHA\\Desktop\\GamageRec\\2nd\\library\\library-mana\\backend\\node_modules\\cookie-signature'
406 silly reify ]
407 silly reify mark retired [
407 silly reify   'C:\\Users\\JIMUTHA\\Desktop\\GamageRec\\2nd\\library\\library-mana\\backend\\node_modules\\dotenv'
407 silly reify ]
408 silly reify mark retired [
408 silly reify   'C:\\Users\\JIMUTHA\\Desktop\\GamageRec\\2nd\\library\\library-mana\\backend\\node_modules\\express'
408 silly reify ]
409 silly reify mark retired [
409 silly reify   'C:\\Users\\JIMUTHA\\Desktop\\GamageRec\\2nd\\library\\library-mana\\backend\\node_modules\\express-validator'
409 silly reify ]
410 silly reify mark retired [
410 silly reify   'C:\\Users\\JIMUTHA\\Desktop\\GamageRec\\2nd\\library\\library-mana\\backend\\node_modules\\finalhandler'
410 silly reify ]
411 silly reify mark retired [
411 silly reify   'C:\\Users\\JIMUTHA\\Desktop\\GamageRec\\2nd\\library\\library-mana\\backend\\node_modules\\fresh'
411 silly reify ]
412 silly reify mark retired [
412 silly reify   'C:\\Users\\JIMUTHA\\Desktop\\GamageRec\\2nd\\library\\library-mana\\backend\\node_modules\\http-errors\\node_modules\\statuses'
412 silly reify ]
413 silly reify mark retired [
413 silly reify   'C:\\Users\\JIMUTHA\\Desktop\\GamageRec\\2nd\\library\\library-mana\\backend\\node_modules\\iconv-lite'
413 silly reify ]
414 silly reify mark retired [
414 silly reify   'C:\\Users\\JIMUTHA\\Desktop\\GamageRec\\2nd\\library\\library-mana\\backend\\node_modules\\is-promise'
414 silly reify ]
415 silly reify mark retired [
415 silly reify   'C:\\Users\\JIMUTHA\\Desktop\\GamageRec\\2nd\\library\\library-mana\\backend\\node_modules\\lodash'
415 silly reify ]
416 silly reify mark retired [
416 silly reify   'C:\\Users\\JIMUTHA\\Desktop\\GamageRec\\2nd\\library\\library-mana\\backend\\node_modules\\media-typer'
416 silly reify ]
417 silly reify mark retired [
417 silly reify   'C:\\Users\\JIMUTHA\\Desktop\\GamageRec\\2nd\\library\\library-mana\\backend\\node_modules\\merge-descriptors'
417 silly reify ]
418 silly reify mark retired [
418 silly reify   'C:\\Users\\JIMUTHA\\Desktop\\GamageRec\\2nd\\library\\library-mana\\backend\\node_modules\\mime-db'
418 silly reify ]
419 silly reify mark retired [
419 silly reify   'C:\\Users\\JIMUTHA\\Desktop\\GamageRec\\2nd\\library\\library-mana\\backend\\node_modules\\mime-types'
419 silly reify ]
420 silly reify mark retired [
420 silly reify   'C:\\Users\\JIMUTHA\\Desktop\\GamageRec\\2nd\\library\\library-mana\\backend\\node_modules\\negotiator'
420 silly reify ]
421 silly reify mark retired [
421 silly reify   'C:\\Users\\JIMUTHA\\Desktop\\GamageRec\\2nd\\library\\library-mana\\backend\\node_modules\\once'
421 silly reify ]
422 silly reify mark retired [
422 silly reify   'C:\\Users\\JIMUTHA\\Desktop\\GamageRec\\2nd\\library\\library-mana\\backend\\node_modules\\path-to-regexp'
422 silly reify ]
423 silly reify mark retired [
423 silly reify   'C:\\Users\\JIMUTHA\\Desktop\\GamageRec\\2nd\\library\\library-mana\\backend\\node_modules\\qs'
423 silly reify ]
424 silly reify mark retired [
424 silly reify   'C:\\Users\\JIMUTHA\\Desktop\\GamageRec\\2nd\\library\\library-mana\\backend\\node_modules\\raw-body'
424 silly reify ]
425 silly reify mark retired [
425 silly reify   'C:\\Users\\JIMUTHA\\Desktop\\GamageRec\\2nd\\library\\library-mana\\backend\\node_modules\\router'
425 silly reify ]
426 silly reify mark retired [
426 silly reify   'C:\\Users\\JIMUTHA\\Desktop\\GamageRec\\2nd\\library\\library-mana\\backend\\node_modules\\send'
426 silly reify ]
427 silly reify mark retired [
427 silly reify   'C:\\Users\\JIMUTHA\\Desktop\\GamageRec\\2nd\\library\\library-mana\\backend\\node_modules\\serve-static'
427 silly reify ]
428 silly reify mark retired [
428 silly reify   'C:\\Users\\JIMUTHA\\Desktop\\GamageRec\\2nd\\library\\library-mana\\backend\\node_modules\\statuses'
428 silly reify ]
429 silly reify mark retired [
429 silly reify   'C:\\Users\\JIMUTHA\\Desktop\\GamageRec\\2nd\\library\\library-mana\\backend\\node_modules\\type-is'
429 silly reify ]
430 silly reify mark retired [
430 silly reify   'C:\\Users\\JIMUTHA\\Desktop\\GamageRec\\2nd\\library\\library-mana\\backend\\node_modules\\validator'
430 silly reify ]
431 silly reify mark retired [
431 silly reify   'C:\\Users\\JIMUTHA\\Desktop\\GamageRec\\2nd\\library\\library-mana\\backend\\node_modules\\wrappy'
431 silly reify ]
432 silly reify moves {
432 silly reify   'C:\\Users\\JIMUTHA\\Desktop\\GamageRec\\2nd\\library\\library-mana\\backend\\node_modules\\accepts': 'C:\\Users\\JIMUTHA\\Desktop\\GamageRec\\2nd\\library\\library-mana\\backend\\node_modules\\.accepts-s2z3ppFp',
432 silly reify   'C:\\Users\\JIMUTHA\\Desktop\\GamageRec\\2nd\\library\\library-mana\\backend\\node_modules\\bcryptjs': 'C:\\Users\\JIMUTHA\\Desktop\\GamageRec\\2nd\\library\\library-mana\\backend\\node_modules\\.bcryptjs-b33UGEoi',
432 silly reify   'C:\\Users\\JIMUTHA\\Desktop\\GamageRec\\2nd\\library\\library-mana\\backend\\node_modules\\.bin\\bcrypt': 'C:\\Users\\JIMUTHA\\Desktop\\GamageRec\\2nd\\library\\library-mana\\backend\\node_modules\\.bin\\.bcrypt-NA8JuL1r',
432 silly reify   'C:\\Users\\JIMUTHA\\Desktop\\GamageRec\\2nd\\library\\library-mana\\backend\\node_modules\\.bin\\bcrypt.cmd': 'C:\\Users\\JIMUTHA\\Desktop\\GamageRec\\2nd\\library\\library-mana\\backend\\node_modules\\.bin\\.bcrypt.cmd-GZ40oNpA',
432 silly reify   'C:\\Users\\JIMUTHA\\Desktop\\GamageRec\\2nd\\library\\library-mana\\backend\\node_modules\\.bin\\bcrypt.ps1': 'C:\\Users\\JIMUTHA\\Desktop\\GamageRec\\2nd\\library\\library-mana\\backend\\node_modules\\.bin\\.bcrypt.ps1-EWRL8wdc',
432 silly reify   'C:\\Users\\JIMUTHA\\Desktop\\GamageRec\\2nd\\library\\library-mana\\backend\\node_modules\\body-parser': 'C:\\Users\\JIMUTHA\\Desktop\\GamageRec\\2nd\\library\\library-mana\\backend\\node_modules\\.body-parser-MREFnD1f',
432 silly reify   'C:\\Users\\JIMUTHA\\Desktop\\GamageRec\\2nd\\library\\library-mana\\backend\\node_modules\\content-disposition': 'C:\\Users\\JIMUTHA\\Desktop\\GamageRec\\2nd\\library\\library-mana\\backend\\node_modules\\.content-disposition-Sy2vDDbF',
432 silly reify   'C:\\Users\\JIMUTHA\\Desktop\\GamageRec\\2nd\\library\\library-mana\\backend\\node_modules\\cookie': 'C:\\Users\\JIMUTHA\\Desktop\\GamageRec\\2nd\\library\\library-mana\\backend\\node_modules\\.cookie-LZi5Bo88',
432 silly reify   'C:\\Users\\JIMUTHA\\Desktop\\GamageRec\\2nd\\library\\library-mana\\backend\\node_modules\\cookie-signature': 'C:\\Users\\JIMUTHA\\Desktop\\GamageRec\\2nd\\library\\library-mana\\backend\\node_modules\\.cookie-signature-LoCytm3s',
432 silly reify   'C:\\Users\\JIMUTHA\\Desktop\\GamageRec\\2nd\\library\\library-mana\\backend\\node_modules\\dotenv': 'C:\\Users\\JIMUTHA\\Desktop\\GamageRec\\2nd\\library\\library-mana\\backend\\node_modules\\.dotenv-N7gX4TcJ',
432 silly reify   'C:\\Users\\JIMUTHA\\Desktop\\GamageRec\\2nd\\library\\library-mana\\backend\\node_modules\\express': 'C:\\Users\\JIMUTHA\\Desktop\\GamageRec\\2nd\\library\\library-mana\\backend\\node_modules\\.express-IfubkawN',
432 silly reify   'C:\\Users\\JIMUTHA\\Desktop\\GamageRec\\2nd\\library\\library-mana\\backend\\node_modules\\express-validator': 'C:\\Users\\JIMUTHA\\Desktop\\GamageRec\\2nd\\library\\library-mana\\backend\\node_modules\\.express-validator-2ZcRWewq',
432 silly reify   'C:\\Users\\JIMUTHA\\Desktop\\GamageRec\\2nd\\library\\library-mana\\backend\\node_modules\\finalhandler': 'C:\\Users\\JIMUTHA\\Desktop\\GamageRec\\2nd\\library\\library-mana\\backend\\node_modules\\.finalhandler-lqCXuMVB',
432 silly reify   'C:\\Users\\JIMUTHA\\Desktop\\GamageRec\\2nd\\library\\library-mana\\backend\\node_modules\\fresh': 'C:\\Users\\JIMUTHA\\Desktop\\GamageRec\\2nd\\library\\library-mana\\backend\\node_modules\\.fresh-ZDnXHEiy',
432 silly reify   'C:\\Users\\JIMUTHA\\Desktop\\GamageRec\\2nd\\library\\library-mana\\backend\\node_modules\\http-errors\\node_modules\\statuses': 'C:\\Users\\JIMUTHA\\Desktop\\GamageRec\\2nd\\library\\library-mana\\backend\\node_modules\\http-errors\\node_modules\\.statuses-wQKZg5wQ',
432 silly reify   'C:\\Users\\JIMUTHA\\Desktop\\GamageRec\\2nd\\library\\library-mana\\backend\\node_modules\\iconv-lite': 'C:\\Users\\JIMUTHA\\Desktop\\GamageRec\\2nd\\library\\library-mana\\backend\\node_modules\\.iconv-lite-iQAaiiXU',
432 silly reify   'C:\\Users\\JIMUTHA\\Desktop\\GamageRec\\2nd\\library\\library-mana\\backend\\node_modules\\is-promise': 'C:\\Users\\JIMUTHA\\Desktop\\GamageRec\\2nd\\library\\library-mana\\backend\\node_modules\\.is-promise-UGeqaWM6',
432 silly reify   'C:\\Users\\JIMUTHA\\Desktop\\GamageRec\\2nd\\library\\library-mana\\backend\\node_modules\\lodash': 'C:\\Users\\JIMUTHA\\Desktop\\GamageRec\\2nd\\library\\library-mana\\backend\\node_modules\\.lodash-38NOYCaa',
432 silly reify   'C:\\Users\\JIMUTHA\\Desktop\\GamageRec\\2nd\\library\\library-mana\\backend\\node_modules\\media-typer': 'C:\\Users\\JIMUTHA\\Desktop\\GamageRec\\2nd\\library\\library-mana\\backend\\node_modules\\.media-typer-hJnurbR3',
432 silly reify   'C:\\Users\\JIMUTHA\\Desktop\\GamageRec\\2nd\\library\\library-mana\\backend\\node_modules\\merge-descriptors': 'C:\\Users\\JIMUTHA\\Desktop\\GamageRec\\2nd\\library\\library-mana\\backend\\node_modules\\.merge-descriptors-bEPLKgzZ',
432 silly reify   'C:\\Users\\JIMUTHA\\Desktop\\GamageRec\\2nd\\library\\library-mana\\backend\\node_modules\\mime-db': 'C:\\Users\\JIMUTHA\\Desktop\\GamageRec\\2nd\\library\\library-mana\\backend\\node_modules\\.mime-db-5PYrG07t',
432 silly reify   'C:\\Users\\JIMUTHA\\Desktop\\GamageRec\\2nd\\library\\library-mana\\backend\\node_modules\\mime-types': 'C:\\Users\\JIMUTHA\\Desktop\\GamageRec\\2nd\\library\\library-mana\\backend\\node_modules\\.mime-types-E8vtc7B8',
432 silly reify   'C:\\Users\\JIMUTHA\\Desktop\\GamageRec\\2nd\\library\\library-mana\\backend\\node_modules\\negotiator': 'C:\\Users\\JIMUTHA\\Desktop\\GamageRec\\2nd\\library\\library-mana\\backend\\node_modules\\.negotiator-A6QnGgsK',
432 silly reify   'C:\\Users\\JIMUTHA\\Desktop\\GamageRec\\2nd\\library\\library-mana\\backend\\node_modules\\once': 'C:\\Users\\JIMUTHA\\Desktop\\GamageRec\\2nd\\library\\library-mana\\backend\\node_modules\\.once-7Yc2sZOd',
432 silly reify   'C:\\Users\\JIMUTHA\\Desktop\\GamageRec\\2nd\\library\\library-mana\\backend\\node_modules\\path-to-regexp': 'C:\\Users\\JIMUTHA\\Desktop\\GamageRec\\2nd\\library\\library-mana\\backend\\node_modules\\.path-to-regexp-7hAGg1w9',
432 silly reify   'C:\\Users\\JIMUTHA\\Desktop\\GamageRec\\2nd\\library\\library-mana\\backend\\node_modules\\qs': 'C:\\Users\\JIMUTHA\\Desktop\\GamageRec\\2nd\\library\\library-mana\\backend\\node_modules\\.qs-YLyySelJ',
432 silly reify   'C:\\Users\\JIMUTHA\\Desktop\\GamageRec\\2nd\\library\\library-mana\\backend\\node_modules\\raw-body': 'C:\\Users\\JIMUTHA\\Desktop\\GamageRec\\2nd\\library\\library-mana\\backend\\node_modules\\.raw-body-V8YMn9r5',
432 silly reify   'C:\\Users\\JIMUTHA\\Desktop\\GamageRec\\2nd\\library\\library-mana\\backend\\node_modules\\router': 'C:\\Users\\JIMUTHA\\Desktop\\GamageRec\\2nd\\library\\library-mana\\backend\\node_modules\\.router-EYY7FIKQ',
432 silly reify   'C:\\Users\\JIMUTHA\\Desktop\\GamageRec\\2nd\\library\\library-mana\\backend\\node_modules\\send': 'C:\\Users\\JIMUTHA\\Desktop\\GamageRec\\2nd\\library\\library-mana\\backend\\node_modules\\.send-FuaB72Ss',
432 silly reify   'C:\\Users\\JIMUTHA\\Desktop\\GamageRec\\2nd\\library\\library-mana\\backend\\node_modules\\serve-static': 'C:\\Users\\JIMUTHA\\Desktop\\GamageRec\\2nd\\library\\library-mana\\backend\\node_modules\\.serve-static-crFEhzRO',
432 silly reify   'C:\\Users\\JIMUTHA\\Desktop\\GamageRec\\2nd\\library\\library-mana\\backend\\node_modules\\statuses': 'C:\\Users\\JIMUTHA\\Desktop\\GamageRec\\2nd\\library\\library-mana\\backend\\node_modules\\.statuses-92aTKelT',
432 silly reify   'C:\\Users\\JIMUTHA\\Desktop\\GamageRec\\2nd\\library\\library-mana\\backend\\node_modules\\type-is': 'C:\\Users\\JIMUTHA\\Desktop\\GamageRec\\2nd\\library\\library-mana\\backend\\node_modules\\.type-is-QIvurBo9',
432 silly reify   'C:\\Users\\JIMUTHA\\Desktop\\GamageRec\\2nd\\library\\library-mana\\backend\\node_modules\\validator': 'C:\\Users\\JIMUTHA\\Desktop\\GamageRec\\2nd\\library\\library-mana\\backend\\node_modules\\.validator-7yf8Lxxy',
432 silly reify   'C:\\Users\\JIMUTHA\\Desktop\\GamageRec\\2nd\\library\\library-mana\\backend\\node_modules\\wrappy': 'C:\\Users\\JIMUTHA\\Desktop\\GamageRec\\2nd\\library\\library-mana\\backend\\node_modules\\.wrappy-Zt71kfQD'
432 silly reify }
433 silly audit bulk request {
433 silly audit   '@mongodb-js/saslprep': [ '1.3.0' ],
433 silly audit   '@types/webidl-conversions': [ '7.0.3' ],
433 silly audit   '@types/whatwg-url': [ '11.0.5' ],
433 silly audit   anymatch: [ '3.1.3' ],
433 silly audit   'balanced-match': [ '1.0.2' ],
433 silly audit   'binary-extensions': [ '2.3.0' ],
433 silly audit   'brace-expansion': [ '1.1.12' ],
433 silly audit   braces: [ '3.0.3' ],
433 silly audit   bson: [ '6.10.4' ],
433 silly audit   'buffer-equal-constant-time': [ '1.0.1' ],
433 silly audit   chokidar: [ '3.6.0' ],
433 silly audit   'concat-map': [ '0.0.1' ],
433 silly audit   cors: [ '2.8.5' ],
433 silly audit   debug: [ '4.4.1', '2.6.9' ],
433 silly audit   'ecdsa-sig-formatter': [ '1.0.11' ],
433 silly audit   'fill-range': [ '7.1.1' ],
433 silly audit   forwarded: [ '0.2.0' ],
433 silly audit   fsevents: [ '2.3.3' ],
433 silly audit   'glob-parent': [ '5.1.2' ],
433 silly audit   'has-flag': [ '3.0.0' ],
433 silly audit   'ignore-by-default': [ '1.0.1' ],
433 silly audit   'ipaddr.js': [ '1.9.1' ],
433 silly audit   'is-binary-path': [ '2.1.0' ],
433 silly audit   'is-extglob': [ '2.1.1' ],
433 silly audit   'is-glob': [ '4.0.3' ],
433 silly audit   'is-number': [ '7.0.0' ],
433 silly audit   jsonwebtoken: [ '9.0.2' ],
433 silly audit   jwa: [ '1.4.2' ],
433 silly audit   jws: [ '3.2.2' ],
433 silly audit   kareem: [ '2.6.3' ],
433 silly audit   'lodash.includes': [ '4.3.0' ],
433 silly audit   'lodash.isboolean': [ '3.0.3' ],
433 silly audit   'lodash.isinteger': [ '4.0.4' ],
433 silly audit   'lodash.isnumber': [ '3.0.3' ],
433 silly audit   'lodash.isplainobject': [ '4.0.6' ],
433 silly audit   'lodash.isstring': [ '4.0.1' ],
433 silly audit   'lodash.once': [ '4.1.1' ],
433 silly audit   'memory-pager': [ '1.5.0' ],
433 silly audit   minimatch: [ '3.1.2' ],
433 silly audit   mongodb: [ '6.18.0' ],
433 silly audit   'mongodb-connection-string-url': [ '3.0.2' ],
433 silly audit   mongoose: [ '8.17.2' ],
433 silly audit   mpath: [ '0.9.0' ],
433 silly audit   mquery: [ '5.0.0' ],
433 silly audit   ms: [ '2.1.3', '2.0.0' ],
433 silly audit   nodemon: [ '3.1.10' ],
433 silly audit   'normalize-path': [ '3.0.0' ],
433 silly audit   'object-assign': [ '4.1.1' ],
433 silly audit   picomatch: [ '2.3.1' ],
433 silly audit   'proxy-addr': [ '2.0.7' ],
433 silly audit   'pstree.remy': [ '1.1.8' ],
433 silly audit   punycode: [ '2.3.1' ],
433 silly audit   readdirp: [ '3.6.0' ],
433 silly audit   'safe-buffer': [ '5.2.1', '5.1.2' ],
433 silly audit   semver: [ '7.7.2' ],
433 silly audit   sift: [ '17.1.3' ],
433 silly audit   'simple-update-notifier': [ '2.0.0' ],
433 silly audit   'sparse-bitfield': [ '3.0.3' ],
433 silly audit   'supports-color': [ '5.5.0' ],
433 silly audit   'to-regex-range': [ '5.0.1' ],
433 silly audit   touch: [ '3.1.1' ],
433 silly audit   tr46: [ '5.1.1' ],
433 silly audit   undefsafe: [ '2.0.5' ],
433 silly audit   vary: [ '1.1.2' ],
433 silly audit   'webidl-conversions': [ '7.0.0' ],
433 silly audit   'whatwg-url': [ '14.2.0' ],
433 silly audit   bcryptjs: [ '2.4.3' ],
433 silly audit   dotenv: [ '16.6.1' ],
433 silly audit   express: [ '4.21.2' ],
433 silly audit   'express-async-handler': [ '1.2.0' ],
433 silly audit   morgan: [ '1.10.1' ],
433 silly audit   accepts: [ '1.3.8' ],
433 silly audit   'array-flatten': [ '1.1.1' ],
433 silly audit   'body-parser': [ '1.20.3' ],
433 silly audit   'content-disposition': [ '0.5.4' ],
433 silly audit   'content-type': [ '1.0.5' ],
433 silly audit   cookie: [ '0.7.1' ],
433 silly audit   'cookie-signature': [ '1.0.6' ],
433 silly audit   depd: [ '2.0.0' ],
433 silly audit   encodeurl: [ '2.0.0', '1.0.2' ],
433 silly audit   'escape-html': [ '1.0.3' ],
433 silly audit   etag: [ '1.8.1' ],
433 silly audit   finalhandler: [ '1.3.1' ],
433 silly audit   fresh: [ '0.5.2' ],
433 silly audit   'http-errors': [ '2.0.0' ],
433 silly audit   'merge-descriptors': [ '1.0.3' ],
433 silly audit   methods: [ '1.1.2' ],
433 silly audit   'on-finished': [ '2.4.1', '2.3.0' ],
433 silly audit   parseurl: [ '1.3.3' ],
433 silly audit   'path-to-regexp': [ '0.1.12' ],
433 silly audit   qs: [ '6.13.0' ],
433 silly audit   'range-parser': [ '1.2.1' ],
433 silly audit   send: [ '0.19.0' ],
433 silly audit   'serve-static': [ '1.16.2' ],
433 silly audit   setprototypeof: [ '1.2.0' ],
433 silly audit   statuses: [ '2.0.1' ],
433 silly audit   'type-is': [ '1.6.18' ],
433 silly audit   'utils-merge': [ '1.0.1' ],
433 silly audit   'mime-types': [ '2.1.35' ],
433 silly audit   negotiator: [ '0.6.3' ],
433 silly audit   bytes: [ '3.1.2' ],
433 silly audit   destroy: [ '1.2.0' ],
433 silly audit   'iconv-lite': [ '0.4.24' ],
433 silly audit   'raw-body': [ '2.5.2' ],
433 silly audit   unpipe: [ '1.0.0' ],
433 silly audit   inherits: [ '2.0.4' ],
433 silly audit   toidentifier: [ '1.0.1' ],
433 silly audit   'safer-buffer': [ '2.1.2' ],
433 silly audit   'mime-db': [ '1.52.0' ],
433 silly audit   'basic-auth': [ '2.0.1' ],
433 silly audit   'on-headers': [ '1.1.0' ],
433 silly audit   'ee-first': [ '1.1.1' ],
433 silly audit   'side-channel': [ '1.1.0' ],
433 silly audit   mime: [ '1.6.0' ],
433 silly audit   'es-errors': [ '1.3.0' ],
433 silly audit   'object-inspect': [ '1.13.4' ],
433 silly audit   'side-channel-list': [ '1.0.0' ],
433 silly audit   'side-channel-map': [ '1.0.1' ],
433 silly audit   'side-channel-weakmap': [ '1.0.2' ],
433 silly audit   'call-bound': [ '1.0.4' ],
433 silly audit   'get-intrinsic': [ '1.3.0' ],
433 silly audit   'call-bind-apply-helpers': [ '1.0.2' ],
433 silly audit   'function-bind': [ '1.1.2' ],
433 silly audit   'es-define-property': [ '1.0.1' ],
433 silly audit   'es-object-atoms': [ '1.1.1' ],
433 silly audit   'get-proto': [ '1.0.1' ],
433 silly audit   gopd: [ '1.2.0' ],
433 silly audit   'has-symbols': [ '1.1.0' ],
433 silly audit   hasown: [ '2.0.2' ],
433 silly audit   'math-intrinsics': [ '1.1.0' ],
433 silly audit   'dunder-proto': [ '1.0.1' ],
433 silly audit   'media-typer': [ '0.3.0' ]
433 silly audit }
434 http cache mime@https://registry.npmjs.org/mime/-/mime-1.6.0.tgz 0ms (cache hit)
435 http cache utils-merge@https://registry.npmjs.org/utils-merge/-/utils-merge-1.0.1.tgz 0ms (cache hit)
436 http cache basic-auth@https://registry.npmjs.org/basic-auth/-/basic-auth-2.0.1.tgz 0ms (cache hit)
437 http cache destroy@https://registry.npmjs.org/destroy/-/destroy-1.2.0.tgz 0ms (cache hit)
438 http cache methods@https://registry.npmjs.org/methods/-/methods-1.1.2.tgz 0ms (cache hit)
439 http cache on-headers@https://registry.npmjs.org/on-headers/-/on-headers-1.1.0.tgz 0ms (cache hit)
440 http cache array-flatten@https://registry.npmjs.org/array-flatten/-/array-flatten-1.1.1.tgz 0ms (cache hit)
441 http cache express-async-handler@https://registry.npmjs.org/express-async-handler/-/express-async-handler-1.2.0.tgz 0ms (cache hit)
442 http cache morgan@https://registry.npmjs.org/morgan/-/morgan-1.10.1.tgz 0ms (cache hit)
443 http cache type-is@https://registry.npmjs.org/type-is/-/type-is-1.6.18.tgz 0ms (cache hit)
444 http cache send@https://registry.npmjs.org/send/-/send-0.19.0.tgz 0ms (cache hit)
445 http cache serve-static@https://registry.npmjs.org/serve-static/-/serve-static-1.16.2.tgz 0ms (cache hit)
446 http cache statuses@https://registry.npmjs.org/statuses/-/statuses-2.0.1.tgz 0ms (cache hit)
447 http cache path-to-regexp@https://registry.npmjs.org/path-to-regexp/-/path-to-regexp-0.1.12.tgz 0ms (cache hit)
448 http cache raw-body@https://registry.npmjs.org/raw-body/-/raw-body-2.5.2.tgz 0ms (cache hit)
449 http cache mime-types@https://registry.npmjs.org/mime-types/-/mime-types-2.1.35.tgz 0ms (cache hit)
450 http cache negotiator@https://registry.npmjs.org/negotiator/-/negotiator-0.6.3.tgz 0ms (cache hit)
451 http cache qs@https://registry.npmjs.org/qs/-/qs-6.13.0.tgz 0ms (cache hit)
452 http cache merge-descriptors@https://registry.npmjs.org/merge-descriptors/-/merge-descriptors-1.0.3.tgz 0ms (cache hit)
453 http cache mime-db@https://registry.npmjs.org/mime-db/-/mime-db-1.52.0.tgz 0ms (cache hit)
454 http cache media-typer@https://registry.npmjs.org/media-typer/-/media-typer-0.3.0.tgz 0ms (cache hit)
455 http cache finalhandler@https://registry.npmjs.org/finalhandler/-/finalhandler-1.3.1.tgz 0ms (cache hit)
456 http cache express@https://registry.npmjs.org/express/-/express-4.21.2.tgz 0ms (cache hit)
457 http cache iconv-lite@https://registry.npmjs.org/iconv-lite/-/iconv-lite-0.4.24.tgz 0ms (cache hit)
458 http cache fresh@https://registry.npmjs.org/fresh/-/fresh-0.5.2.tgz 0ms (cache hit)
459 http cache cookie-signature@https://registry.npmjs.org/cookie-signature/-/cookie-signature-1.0.6.tgz 0ms (cache hit)
460 http cache dotenv@https://registry.npmjs.org/dotenv/-/dotenv-16.6.1.tgz 0ms (cache hit)
461 http cache body-parser@https://registry.npmjs.org/body-parser/-/body-parser-1.20.3.tgz 0ms (cache hit)
462 http cache bcryptjs@https://registry.npmjs.org/bcryptjs/-/bcryptjs-2.4.3.tgz 0ms (cache hit)
463 http cache cookie@https://registry.npmjs.org/cookie/-/cookie-0.7.1.tgz 0ms (cache hit)
464 http cache content-disposition@https://registry.npmjs.org/content-disposition/-/content-disposition-0.5.4.tgz 0ms (cache hit)
465 http cache accepts@https://registry.npmjs.org/accepts/-/accepts-1.3.8.tgz 0ms (cache hit)
466 http cache safe-buffer@https://registry.npmjs.org/safe-buffer/-/safe-buffer-5.1.2.tgz 0ms (cache hit)
467 http cache ms@https://registry.npmjs.org/ms/-/ms-2.0.0.tgz 0ms (cache hit)
468 http cache on-finished@https://registry.npmjs.org/on-finished/-/on-finished-2.3.0.tgz 0ms (cache hit)
469 http cache ms@https://registry.npmjs.org/ms/-/ms-2.0.0.tgz 0ms (cache hit)
470 http cache debug@https://registry.npmjs.org/debug/-/debug-2.6.9.tgz 0ms (cache hit)
471 http cache ms@https://registry.npmjs.org/ms/-/ms-2.0.0.tgz 0ms (cache hit)
472 http cache debug@https://registry.npmjs.org/debug/-/debug-2.6.9.tgz 0ms (cache hit)
473 http cache encodeurl@https://registry.npmjs.org/encodeurl/-/encodeurl-1.0.2.tgz 0ms (cache hit)
474 http cache debug@https://registry.npmjs.org/debug/-/debug-2.6.9.tgz 0ms (cache hit)
475 http cache debug@https://registry.npmjs.org/debug/-/debug-2.6.9.tgz 0ms (cache hit)
476 http cache debug@https://registry.npmjs.org/debug/-/debug-2.6.9.tgz 0ms (cache hit)
477 silly tarball no local data for mime@https://registry.npmjs.org/mime/-/mime-1.6.0.tgz. Extracting by manifest.
478 silly tarball no local data for utils-merge@https://registry.npmjs.org/utils-merge/-/utils-merge-1.0.1.tgz. Extracting by manifest.
479 silly tarball no local data for basic-auth@https://registry.npmjs.org/basic-auth/-/basic-auth-2.0.1.tgz. Extracting by manifest.
480 http cache ms@https://registry.npmjs.org/ms/-/ms-2.0.0.tgz 0ms (cache hit)
481 silly tarball no local data for destroy@https://registry.npmjs.org/destroy/-/destroy-1.2.0.tgz. Extracting by manifest.
482 http cache ms@https://registry.npmjs.org/ms/-/ms-2.0.0.tgz 0ms (cache hit)
483 silly tarball no local data for methods@https://registry.npmjs.org/methods/-/methods-1.1.2.tgz. Extracting by manifest.
484 silly tarball no local data for on-headers@https://registry.npmjs.org/on-headers/-/on-headers-1.1.0.tgz. Extracting by manifest.
485 silly tarball no local data for array-flatten@https://registry.npmjs.org/array-flatten/-/array-flatten-1.1.1.tgz. Extracting by manifest.
486 silly tarball no local data for express-async-handler@https://registry.npmjs.org/express-async-handler/-/express-async-handler-1.2.0.tgz. Extracting by manifest.
487 silly tarball no local data for morgan@https://registry.npmjs.org/morgan/-/morgan-1.10.1.tgz. Extracting by manifest.
488 silly tarball no local data for type-is@https://registry.npmjs.org/type-is/-/type-is-1.6.18.tgz. Extracting by manifest.
489 silly tarball no local data for send@https://registry.npmjs.org/send/-/send-0.19.0.tgz. Extracting by manifest.
490 silly tarball no local data for serve-static@https://registry.npmjs.org/serve-static/-/serve-static-1.16.2.tgz. Extracting by manifest.
491 silly tarball no local data for path-to-regexp@https://registry.npmjs.org/path-to-regexp/-/path-to-regexp-0.1.12.tgz. Extracting by manifest.
492 silly tarball no local data for raw-body@https://registry.npmjs.org/raw-body/-/raw-body-2.5.2.tgz. Extracting by manifest.
493 silly tarball no local data for mime-types@https://registry.npmjs.org/mime-types/-/mime-types-2.1.35.tgz. Extracting by manifest.
494 silly tarball no local data for negotiator@https://registry.npmjs.org/negotiator/-/negotiator-0.6.3.tgz. Extracting by manifest.
495 silly tarball no local data for qs@https://registry.npmjs.org/qs/-/qs-6.13.0.tgz. Extracting by manifest.
496 silly tarball no local data for merge-descriptors@https://registry.npmjs.org/merge-descriptors/-/merge-descriptors-1.0.3.tgz. Extracting by manifest.
497 silly tarball no local data for mime-db@https://registry.npmjs.org/mime-db/-/mime-db-1.52.0.tgz. Extracting by manifest.
498 silly tarball no local data for media-typer@https://registry.npmjs.org/media-typer/-/media-typer-0.3.0.tgz. Extracting by manifest.
499 silly tarball no local data for finalhandler@https://registry.npmjs.org/finalhandler/-/finalhandler-1.3.1.tgz. Extracting by manifest.
500 silly tarball no local data for express@https://registry.npmjs.org/express/-/express-4.21.2.tgz. Extracting by manifest.
501 silly tarball no local data for iconv-lite@https://registry.npmjs.org/iconv-lite/-/iconv-lite-0.4.24.tgz. Extracting by manifest.
502 silly tarball no local data for fresh@https://registry.npmjs.org/fresh/-/fresh-0.5.2.tgz. Extracting by manifest.
503 silly tarball no local data for cookie-signature@https://registry.npmjs.org/cookie-signature/-/cookie-signature-1.0.6.tgz. Extracting by manifest.
504 silly tarball no local data for dotenv@https://registry.npmjs.org/dotenv/-/dotenv-16.6.1.tgz. Extracting by manifest.
505 silly tarball no local data for body-parser@https://registry.npmjs.org/body-parser/-/body-parser-1.20.3.tgz. Extracting by manifest.
506 silly tarball no local data for bcryptjs@https://registry.npmjs.org/bcryptjs/-/bcryptjs-2.4.3.tgz. Extracting by manifest.
507 silly tarball no local data for cookie@https://registry.npmjs.org/cookie/-/cookie-0.7.1.tgz. Extracting by manifest.
508 silly tarball no local data for content-disposition@https://registry.npmjs.org/content-disposition/-/content-disposition-0.5.4.tgz. Extracting by manifest.
509 silly tarball no local data for accepts@https://registry.npmjs.org/accepts/-/accepts-1.3.8.tgz. Extracting by manifest.
510 silly tarball no local data for safe-buffer@https://registry.npmjs.org/safe-buffer/-/safe-buffer-5.1.2.tgz. Extracting by manifest.
511 silly tarball no local data for ms@https://registry.npmjs.org/ms/-/ms-2.0.0.tgz. Extracting by manifest.
512 silly tarball no local data for on-finished@https://registry.npmjs.org/on-finished/-/on-finished-2.3.0.tgz. Extracting by manifest.
513 silly tarball no local data for ms@https://registry.npmjs.org/ms/-/ms-2.0.0.tgz. Extracting by manifest.
514 silly tarball no local data for debug@https://registry.npmjs.org/debug/-/debug-2.6.9.tgz. Extracting by manifest.
515 silly tarball no local data for ms@https://registry.npmjs.org/ms/-/ms-2.0.0.tgz. Extracting by manifest.
516 silly tarball no local data for debug@https://registry.npmjs.org/debug/-/debug-2.6.9.tgz. Extracting by manifest.
517 silly tarball no local data for encodeurl@https://registry.npmjs.org/encodeurl/-/encodeurl-1.0.2.tgz. Extracting by manifest.
518 silly tarball no local data for debug@https://registry.npmjs.org/debug/-/debug-2.6.9.tgz. Extracting by manifest.
519 silly tarball no local data for debug@https://registry.npmjs.org/debug/-/debug-2.6.9.tgz. Extracting by manifest.
520 silly tarball no local data for debug@https://registry.npmjs.org/debug/-/debug-2.6.9.tgz. Extracting by manifest.
521 silly tarball no local data for ms@https://registry.npmjs.org/ms/-/ms-2.0.0.tgz. Extracting by manifest.
522 silly tarball no local data for ms@https://registry.npmjs.org/ms/-/ms-2.0.0.tgz. Extracting by manifest.
523 http fetch GET 200 https://registry.npmjs.org/utils-merge/-/utils-merge-1.0.1.tgz 209ms (cache miss)
524 http fetch GET 200 https://registry.npmjs.org/basic-auth/-/basic-auth-2.0.1.tgz 211ms (cache miss)
525 http fetch GET 200 https://registry.npmjs.org/on-headers/-/on-headers-1.1.0.tgz 211ms (cache miss)
526 http fetch GET 200 https://registry.npmjs.org/destroy/-/destroy-1.2.0.tgz 211ms (cache miss)
527 http fetch GET 200 https://registry.npmjs.org/array-flatten/-/array-flatten-1.1.1.tgz 223ms (cache miss)
528 http fetch GET 200 https://registry.npmjs.org/express-async-handler/-/express-async-handler-1.2.0.tgz 228ms (cache miss)
529 http fetch GET 200 https://registry.npmjs.org/methods/-/methods-1.1.2.tgz 230ms (cache miss)
530 http fetch GET 200 https://registry.npmjs.org/type-is/-/type-is-1.6.18.tgz 228ms (cache miss)
531 http fetch GET 200 https://registry.npmjs.org/morgan/-/morgan-1.10.1.tgz 233ms (cache miss)
532 http fetch GET 200 https://registry.npmjs.org/mime/-/mime-1.6.0.tgz 238ms (cache miss)
533 http fetch GET 200 https://registry.npmjs.org/mime-types/-/mime-types-2.1.35.tgz 348ms (cache miss)
534 http fetch POST 200 https://registry.npmjs.org/-/npm/v1/security/advisories/bulk 394ms
535 silly audit report {}
536 http fetch GET 200 https://registry.npmjs.org/media-typer/-/media-typer-0.3.0.tgz 393ms (cache miss)
537 http fetch GET 200 https://registry.npmjs.org/merge-descriptors/-/merge-descriptors-1.0.3.tgz 398ms (cache miss)
538 http fetch GET 200 https://registry.npmjs.org/fresh/-/fresh-0.5.2.tgz 398ms (cache miss)
539 http fetch GET 200 https://registry.npmjs.org/negotiator/-/negotiator-0.6.3.tgz 408ms (cache miss)
540 http fetch GET 200 https://registry.npmjs.org/finalhandler/-/finalhandler-1.3.1.tgz 412ms (cache miss)
541 http fetch GET 200 https://registry.npmjs.org/mime-db/-/mime-db-1.52.0.tgz 436ms (cache miss)
542 http fetch GET 200 https://registry.npmjs.org/cookie-signature/-/cookie-signature-1.0.6.tgz 483ms (cache miss)
543 http fetch GET 200 https://registry.npmjs.org/content-disposition/-/content-disposition-0.5.4.tgz 612ms (cache miss)
544 http fetch GET 200 https://registry.npmjs.org/on-finished/-/on-finished-2.3.0.tgz 626ms (cache miss)
545 http fetch GET 200 https://registry.npmjs.org/ms/-/ms-2.0.0.tgz 628ms (cache miss)
546 http fetch GET 200 https://registry.npmjs.org/accepts/-/accepts-1.3.8.tgz 653ms (cache miss)
547 http fetch GET 200 https://registry.npmjs.org/ms/-/ms-2.0.0.tgz 650ms (cache miss)
548 http fetch GET 200 https://registry.npmjs.org/path-to-regexp/-/path-to-regexp-0.1.12.tgz 669ms (cache miss)
549 http fetch GET 200 https://registry.npmjs.org/ms/-/ms-2.0.0.tgz 721ms (cache miss)
550 http fetch GET 200 https://registry.npmjs.org/cookie/-/cookie-0.7.1.tgz 751ms (cache miss)
551 http fetch GET 200 https://registry.npmjs.org/encodeurl/-/encodeurl-1.0.2.tgz 746ms (cache miss)
552 http fetch GET 200 https://registry.npmjs.org/qs/-/qs-6.13.0.tgz 761ms (cache miss)
553 http fetch GET 200 https://registry.npmjs.org/ms/-/ms-2.0.0.tgz 756ms (cache miss)
554 http fetch GET 200 https://registry.npmjs.org/ms/-/ms-2.0.0.tgz 758ms (cache miss)
555 http fetch GET 200 https://registry.npmjs.org/raw-body/-/raw-body-2.5.2.tgz 788ms (cache miss)
556 http fetch GET 200 https://registry.npmjs.org/serve-static/-/serve-static-1.16.2.tgz 803ms (cache miss)
557 http fetch GET 200 https://registry.npmjs.org/dotenv/-/dotenv-16.6.1.tgz 799ms (cache miss)
558 http fetch GET 200 https://registry.npmjs.org/safe-buffer/-/safe-buffer-5.1.2.tgz 799ms (cache miss)
559 http fetch GET 200 https://registry.npmjs.org/send/-/send-0.19.0.tgz 825ms (cache miss)
560 http fetch GET 200 https://registry.npmjs.org/body-parser/-/body-parser-1.20.3.tgz 836ms (cache miss)
561 http fetch GET 200 https://registry.npmjs.org/express/-/express-4.21.2.tgz 850ms (cache miss)
562 http fetch GET 200 https://registry.npmjs.org/debug/-/debug-2.6.9.tgz 885ms (cache miss)
563 http fetch GET 200 https://registry.npmjs.org/debug/-/debug-2.6.9.tgz 887ms (cache miss)
564 http fetch GET 200 https://registry.npmjs.org/debug/-/debug-2.6.9.tgz 900ms (cache miss)
565 http fetch GET 200 https://registry.npmjs.org/debug/-/debug-2.6.9.tgz 948ms (cache miss)
566 http fetch GET 200 https://registry.npmjs.org/debug/-/debug-2.6.9.tgz 948ms (cache miss)
567 http fetch GET 200 https://registry.npmjs.org/iconv-lite/-/iconv-lite-0.4.24.tgz 1013ms (cache miss)
568 http fetch GET 200 https://registry.npmjs.org/bcryptjs/-/bcryptjs-2.4.3.tgz 1031ms (cache miss)
569 silly ADD node_modules/mime
570 silly ADD node_modules/on-headers
571 silly ADD node_modules/basic-auth
572 silly ADD node_modules/basic-auth/node_modules/safe-buffer
573 silly ADD node_modules/destroy
574 silly ADD node_modules/utils-merge
575 silly ADD node_modules/methods
576 silly ADD node_modules/array-flatten
577 silly ADD node_modules/morgan
578 silly ADD node_modules/morgan/node_modules/ms
579 silly ADD node_modules/morgan/node_modules/on-finished
580 silly ADD node_modules/morgan/node_modules/debug
581 silly ADD node_modules/express-async-handler
582 silly REMOVE node_modules/wrappy
583 silly REMOVE node_modules/validator
584 silly CHANGE node_modules/type-is
585 silly CHANGE node_modules/statuses
586 silly CHANGE node_modules/serve-static
587 silly CHANGE node_modules/send
588 silly ADD node_modules/send/node_modules/encodeurl
589 silly ADD node_modules/send/node_modules/debug
590 silly ADD node_modules/send/node_modules/debug/node_modules/ms
591 silly REMOVE node_modules/router
592 silly CHANGE node_modules/raw-body
593 silly CHANGE node_modules/qs
594 silly CHANGE node_modules/path-to-regexp
595 silly REMOVE node_modules/once
596 silly CHANGE node_modules/negotiator
597 silly CHANGE node_modules/mime-types
598 silly CHANGE node_modules/mime-db
599 silly CHANGE node_modules/merge-descriptors
600 silly CHANGE node_modules/media-typer
601 silly REMOVE node_modules/lodash
602 silly REMOVE node_modules/is-promise
603 silly CHANGE node_modules/iconv-lite
604 silly REMOVE node_modules/http-errors/node_modules/statuses
605 silly CHANGE node_modules/fresh
606 silly CHANGE node_modules/finalhandler
607 silly ADD node_modules/finalhandler/node_modules/ms
608 silly ADD node_modules/finalhandler/node_modules/debug
609 silly REMOVE node_modules/express-validator
610 silly CHANGE node_modules/express
611 silly ADD node_modules/express/node_modules/ms
612 silly ADD node_modules/express/node_modules/debug
613 silly CHANGE node_modules/dotenv
614 silly CHANGE node_modules/cookie-signature
615 silly CHANGE node_modules/cookie
616 silly CHANGE node_modules/content-disposition
617 silly CHANGE node_modules/body-parser
618 silly ADD node_modules/body-parser/node_modules/ms
619 silly ADD node_modules/body-parser/node_modules/debug
620 silly CHANGE node_modules/bcryptjs
621 silly CHANGE node_modules/accepts
622 verbose cwd C:\Users\JIMUTHA\Desktop\GamageRec\2nd\library\library-mana\backend
623 verbose os Windows_NT 10.0.26100
624 verbose node v22.18.0
625 verbose npm  v11.5.2
626 verbose exit 0
627 info ok
