0 verbose cli C:\Program Files\nodejs\node.exe C:\Users\JIMUTHA\AppData\Roaming\npm\node_modules\npm\bin\npm-cli.js
1 info using npm@11.5.2
2 info using node@v22.18.0
3 silly config load:file:C:\Users\JIMUTHA\AppData\Roaming\npm\node_modules\npm\npmrc
4 silly config load:file:C:\Users\JIMUTHA\Desktop\GamageRec\2nd\library\library-mana\backend\.npmrc
5 silly config load:file:C:\Users\JIMUTHA\.npmrc
6 silly config load:file:C:\Users\JIMUTHA\AppData\Roaming\npm\etc\npmrc
7 verbose title npm i express mongoose cors dotenv bcryptjs jsonwebtoken express-validator
8 verbose argv "i" "express" "mongoose" "cors" "dotenv" "bcryptjs" "jsonwebtoken" "express-validator"
9 verbose logfile logs-max:10 dir:C:\Users\JIMUTHA\Desktop\GamageRec\2nd\library\library-mana\backend\UsersJIMUTHAnpm-cache\_logs\2025-08-19T06_25_36_106Z-
10 verbose logfile C:\Users\JIMUTHA\Desktop\GamageRec\2nd\library\library-mana\backend\UsersJIMUTHAnpm-cache\_logs\2025-08-19T06_25_36_106Z-debug-0.log
11 silly logfile done cleaning log files
12 silly packumentCache heap:2197815296 maxSize:549453824 maxEntrySize:274726912
13 silly idealTree buildDeps
14 silly fetch manifest express@*
15 silly packumentCache full:https://registry.npmjs.org/express cache-miss
16 http fetch GET 200 https://registry.npmjs.org/express 609ms (cache miss)
17 silly packumentCache full:https://registry.npmjs.org/express set size:undefined disposed:false
18 silly fetch manifest mongoose@*
19 silly packumentCache full:https://registry.npmjs.org/mongoose cache-miss
20 http fetch GET 200 https://registry.npmjs.org/npm 805ms
21 http fetch GET 200 https://registry.npmjs.org/mongoose 406ms (cache miss)
22 silly packumentCache full:https://registry.npmjs.org/mongoose set size:undefined disposed:false
23 silly fetch manifest cors@*
24 silly packumentCache full:https://registry.npmjs.org/cors cache-miss
25 http fetch GET 200 https://registry.npmjs.org/cors 191ms (cache miss)
26 silly packumentCache full:https://registry.npmjs.org/cors set size:undefined disposed:false
27 silly fetch manifest dotenv@*
28 silly packumentCache full:https://registry.npmjs.org/dotenv cache-miss
29 http fetch GET 200 https://registry.npmjs.org/dotenv 173ms (cache miss)
30 silly packumentCache full:https://registry.npmjs.org/dotenv set size:undefined disposed:false
31 silly fetch manifest bcryptjs@*
32 silly packumentCache full:https://registry.npmjs.org/bcryptjs cache-miss
33 http fetch GET 200 https://registry.npmjs.org/bcryptjs 119ms (cache miss)
34 silly packumentCache full:https://registry.npmjs.org/bcryptjs set size:undefined disposed:false
35 silly fetch manifest jsonwebtoken@*
36 silly packumentCache full:https://registry.npmjs.org/jsonwebtoken cache-miss
37 http fetch GET 200 https://registry.npmjs.org/jsonwebtoken 175ms (cache miss)
38 silly packumentCache full:https://registry.npmjs.org/jsonwebtoken set size:undefined disposed:false
39 silly fetch manifest express-validator@*
40 silly packumentCache full:https://registry.npmjs.org/express-validator cache-miss
41 http fetch GET 200 https://registry.npmjs.org/express-validator 161ms (cache miss)
42 silly packumentCache full:https://registry.npmjs.org/express-validator set size:undefined disposed:false
43 silly placeDep ROOT bcryptjs@3.0.2 OK for:  want: *
44 silly placeDep ROOT cors@2.8.5 OK for:  want: *
45 silly placeDep ROOT dotenv@17.2.1 OK for:  want: *
46 silly placeDep ROOT express@5.1.0 OK for:  want: *
47 silly placeDep ROOT express-validator@7.2.1 OK for:  want: *
48 silly placeDep ROOT jsonwebtoken@9.0.2 OK for:  want: *
49 silly placeDep ROOT mongoose@8.17.2 OK for:  want: *
50 silly fetch manifest vary@^1
51 silly packumentCache full:https://registry.npmjs.org/vary cache-miss
52 silly fetch manifest object-assign@^4
53 silly packumentCache full:https://registry.npmjs.org/object-assign cache-miss
54 silly fetch manifest qs@^6.14.0
55 silly packumentCache full:https://registry.npmjs.org/qs cache-miss
56 silly fetch manifest etag@^1.8.1
57 silly packumentCache full:https://registry.npmjs.org/etag cache-miss
58 silly fetch manifest once@^1.4.0
59 silly packumentCache full:https://registry.npmjs.org/once cache-miss
60 silly fetch manifest send@^1.1.0
61 silly packumentCache full:https://registry.npmjs.org/send cache-miss
62 silly fetch manifest vary@^1.1.2
63 silly packumentCache full:https://registry.npmjs.org/vary cache-miss
64 silly fetch manifest debug@^4.4.0
65 silly packumentCache full:https://registry.npmjs.org/debug cache-miss
66 silly fetch manifest fresh@^2.0.0
67 silly packumentCache full:https://registry.npmjs.org/fresh cache-miss
68 silly fetch manifest cookie@^0.7.1
69 silly packumentCache full:https://registry.npmjs.org/cookie cache-miss
70 silly fetch manifest router@^2.2.0
71 silly packumentCache full:https://registry.npmjs.org/router cache-miss
72 http fetch GET 200 https://registry.npmjs.org/vary 190ms (cache miss)
73 silly packumentCache full:https://registry.npmjs.org/vary set size:undefined disposed:false
74 silly fetch manifest accepts@^2.0.0
75 silly packumentCache full:https://registry.npmjs.org/accepts cache-miss
76 http fetch GET 200 https://registry.npmjs.org/object-assign 192ms (cache miss)
77 silly packumentCache full:https://registry.npmjs.org/object-assign set size:undefined disposed:false
78 silly fetch manifest type-is@^2.0.1
79 silly packumentCache full:https://registry.npmjs.org/type-is cache-miss
80 http fetch GET 200 https://registry.npmjs.org/type-is 160ms (cache miss)
81 silly packumentCache full:https://registry.npmjs.org/type-is set size:undefined disposed:false
82 silly fetch manifest parseurl@^1.3.3
83 silly packumentCache full:https://registry.npmjs.org/parseurl cache-miss
84 http fetch GET 200 https://registry.npmjs.org/accepts 169ms (cache miss)
85 silly packumentCache full:https://registry.npmjs.org/accepts set size:undefined disposed:false
86 silly fetch manifest statuses@^2.0.1
87 silly packumentCache full:https://registry.npmjs.org/statuses cache-miss
88 http fetch GET 200 https://registry.npmjs.org/vary 505ms (cache miss)
89 silly packumentCache full:https://registry.npmjs.org/vary set size:undefined disposed:false
90 silly fetch manifest encodeurl@^2.0.0
91 silly packumentCache full:https://registry.npmjs.org/encodeurl cache-miss
92 http fetch GET 200 https://registry.npmjs.org/qs 514ms (cache miss)
93 silly packumentCache full:https://registry.npmjs.org/qs set size:undefined disposed:false
94 silly fetch manifest mime-types@^3.0.0
95 silly packumentCache full:https://registry.npmjs.org/mime-types cache-miss
96 http fetch GET 200 https://registry.npmjs.org/statuses 165ms (cache miss)
97 silly packumentCache full:https://registry.npmjs.org/statuses set size:undefined disposed:false
98 silly fetch manifest proxy-addr@^2.0.7
99 silly packumentCache full:https://registry.npmjs.org/proxy-addr cache-miss
100 http fetch GET 200 https://registry.npmjs.org/fresh 543ms (cache miss)
101 silly packumentCache full:https://registry.npmjs.org/fresh set size:undefined disposed:false
102 silly fetch manifest body-parser@^2.2.0
103 silly packumentCache full:https://registry.npmjs.org/body-parser cache-miss
104 http fetch GET 200 https://registry.npmjs.org/debug 549ms (cache miss)
105 silly packumentCache full:https://registry.npmjs.org/debug set size:undefined disposed:false
106 silly fetch manifest escape-html@^1.0.3
107 silly packumentCache full:https://registry.npmjs.org/escape-html cache-miss
108 http fetch GET 200 https://registry.npmjs.org/cookie 559ms (cache miss)
109 silly packumentCache full:https://registry.npmjs.org/cookie set size:undefined disposed:false
110 silly fetch manifest http-errors@^2.0.0
111 silly packumentCache full:https://registry.npmjs.org/http-errors cache-miss
112 http fetch GET 200 https://registry.npmjs.org/parseurl 209ms (cache miss)
113 silly packumentCache full:https://registry.npmjs.org/parseurl set size:undefined disposed:false
114 silly fetch manifest on-finished@^2.4.1
115 silly packumentCache full:https://registry.npmjs.org/on-finished cache-miss
116 http fetch GET 200 https://registry.npmjs.org/etag 566ms (cache miss)
117 silly packumentCache full:https://registry.npmjs.org/etag set size:undefined disposed:false
118 silly fetch manifest content-type@^1.0.5
119 silly packumentCache full:https://registry.npmjs.org/content-type cache-miss
120 http fetch GET 200 https://registry.npmjs.org/send 572ms (cache miss)
121 silly packumentCache full:https://registry.npmjs.org/send set size:undefined disposed:false
122 silly fetch manifest finalhandler@^2.1.0
123 silly packumentCache full:https://registry.npmjs.org/finalhandler cache-miss
124 http fetch GET 200 https://registry.npmjs.org/router 577ms (cache miss)
125 silly packumentCache full:https://registry.npmjs.org/router set size:undefined disposed:false
126 silly fetch manifest range-parser@^1.2.1
127 silly packumentCache full:https://registry.npmjs.org/range-parser cache-miss
128 http fetch GET 200 https://registry.npmjs.org/encodeurl 112ms (cache miss)
129 silly packumentCache full:https://registry.npmjs.org/encodeurl set size:undefined disposed:false
130 silly fetch manifest serve-static@^2.2.0
131 silly packumentCache full:https://registry.npmjs.org/serve-static cache-miss
132 http fetch GET 200 https://registry.npmjs.org/mime-types 132ms (cache miss)
133 silly packumentCache full:https://registry.npmjs.org/mime-types set size:undefined disposed:false
134 silly fetch manifest cookie-signature@^1.2.1
135 silly packumentCache full:https://registry.npmjs.org/cookie-signature cache-miss
136 http fetch GET 200 https://registry.npmjs.org/body-parser 158ms (cache miss)
137 silly packumentCache full:https://registry.npmjs.org/body-parser set size:undefined disposed:false
138 silly fetch manifest merge-descriptors@^2.0.0
139 silly packumentCache full:https://registry.npmjs.org/merge-descriptors cache-miss
140 http fetch GET 200 https://registry.npmjs.org/proxy-addr 200ms (cache miss)
141 silly packumentCache full:https://registry.npmjs.org/proxy-addr set size:undefined disposed:false
142 silly fetch manifest content-disposition@^1.0.0
143 silly packumentCache full:https://registry.npmjs.org/content-disposition cache-miss
144 http fetch GET 200 https://registry.npmjs.org/escape-html 180ms (cache miss)
145 silly packumentCache full:https://registry.npmjs.org/escape-html set size:undefined disposed:false
146 silly fetch manifest lodash@^4.17.21
147 silly packumentCache full:https://registry.npmjs.org/lodash cache-miss
148 http fetch GET 200 https://registry.npmjs.org/once 738ms (cache miss)
149 silly packumentCache full:https://registry.npmjs.org/once set size:undefined disposed:false
150 silly fetch manifest validator@~13.12.0
151 silly packumentCache full:https://registry.npmjs.org/validator cache-miss
152 http fetch GET 200 https://registry.npmjs.org/http-errors 176ms (cache miss)
153 silly packumentCache full:https://registry.npmjs.org/http-errors set size:undefined disposed:false
154 silly fetch manifest ms@^2.1.1
155 silly packumentCache full:https://registry.npmjs.org/ms cache-miss
156 http fetch GET 200 https://registry.npmjs.org/on-finished 181ms (cache miss)
157 silly packumentCache full:https://registry.npmjs.org/on-finished set size:undefined disposed:false
158 silly fetch manifest jws@^3.2.2
159 silly packumentCache full:https://registry.npmjs.org/jws cache-miss
160 http fetch GET 200 https://registry.npmjs.org/content-type 182ms (cache miss)
161 silly packumentCache full:https://registry.npmjs.org/content-type set size:undefined disposed:false
162 silly fetch manifest semver@^7.5.4
163 silly packumentCache full:https://registry.npmjs.org/semver cache-miss
164 http fetch GET 200 https://registry.npmjs.org/finalhandler 176ms (cache miss)
165 silly packumentCache full:https://registry.npmjs.org/finalhandler set size:undefined disposed:false
166 silly fetch manifest lodash.once@^4.0.0
167 silly packumentCache full:https://registry.npmjs.org/lodash.once cache-miss
168 http fetch GET 200 https://registry.npmjs.org/range-parser 174ms (cache miss)
169 silly packumentCache full:https://registry.npmjs.org/range-parser set size:undefined disposed:false
170 silly fetch manifest lodash.includes@^4.3.0
171 silly packumentCache full:https://registry.npmjs.org/lodash.includes cache-miss
172 http fetch GET 200 https://registry.npmjs.org/cookie-signature 115ms (cache miss)
173 silly packumentCache full:https://registry.npmjs.org/cookie-signature set size:undefined disposed:false
174 silly fetch manifest lodash.isnumber@^3.0.3
175 silly packumentCache full:https://registry.npmjs.org/lodash.isnumber cache-miss
176 http fetch GET 200 https://registry.npmjs.org/serve-static 156ms (cache miss)
177 silly packumentCache full:https://registry.npmjs.org/serve-static set size:undefined disposed:false
178 silly fetch manifest lodash.isstring@^4.0.1
179 silly packumentCache full:https://registry.npmjs.org/lodash.isstring cache-miss
180 http fetch GET 200 https://registry.npmjs.org/content-disposition 131ms (cache miss)
181 silly packumentCache full:https://registry.npmjs.org/content-disposition set size:undefined disposed:false
182 silly fetch manifest lodash.isboolean@^3.0.3
183 silly packumentCache full:https://registry.npmjs.org/lodash.isboolean cache-miss
184 http fetch GET 200 https://registry.npmjs.org/merge-descriptors 158ms (cache miss)
185 silly packumentCache full:https://registry.npmjs.org/merge-descriptors set size:undefined disposed:false
186 silly fetch manifest lodash.isinteger@^4.0.4
187 silly packumentCache full:https://registry.npmjs.org/lodash.isinteger cache-miss
188 http fetch GET 200 https://registry.npmjs.org/lodash 143ms (cache miss)
189 silly packumentCache full:https://registry.npmjs.org/lodash set size:undefined disposed:false
190 silly fetch manifest lodash.isplainobject@^4.0.6
191 silly packumentCache full:https://registry.npmjs.org/lodash.isplainobject cache-miss
192 http fetch GET 200 https://registry.npmjs.org/ms 159ms (cache miss)
193 silly packumentCache full:https://registry.npmjs.org/ms set size:undefined disposed:false
194 silly fetch manifest bson@^6.10.4
195 silly packumentCache full:https://registry.npmjs.org/bson cache-miss
196 http fetch GET 200 https://registry.npmjs.org/semver 189ms (cache miss)
197 silly packumentCache full:https://registry.npmjs.org/semver set size:undefined disposed:false
198 silly fetch manifest kareem@2.6.3
199 silly packumentCache full:https://registry.npmjs.org/kareem cache-miss
200 http fetch GET 200 https://registry.npmjs.org/lodash.isstring 168ms (cache miss)
201 silly packumentCache full:https://registry.npmjs.org/lodash.isstring set size:undefined disposed:false
202 silly fetch manifest mongodb@~6.18.0
203 silly packumentCache full:https://registry.npmjs.org/mongodb cache-miss
204 http fetch GET 200 https://registry.npmjs.org/lodash.once 198ms (cache miss)
205 silly packumentCache full:https://registry.npmjs.org/lodash.once set size:undefined disposed:false
206 silly fetch manifest mpath@0.9.0
207 silly packumentCache full:https://registry.npmjs.org/mpath cache-miss
208 http fetch GET 200 https://registry.npmjs.org/lodash.includes 200ms (cache miss)
209 silly packumentCache full:https://registry.npmjs.org/lodash.includes set size:undefined disposed:false
210 silly fetch manifest mquery@5.0.0
211 silly packumentCache full:https://registry.npmjs.org/mquery cache-miss
212 http fetch GET 200 https://registry.npmjs.org/lodash.isnumber 195ms (cache miss)
213 silly packumentCache full:https://registry.npmjs.org/lodash.isnumber set size:undefined disposed:false
214 silly fetch manifest ms@2.1.3
215 silly packumentCache full:https://registry.npmjs.org/ms cache-miss
216 http fetch GET 200 https://registry.npmjs.org/jws 220ms (cache miss)
217 silly packumentCache full:https://registry.npmjs.org/jws set size:undefined disposed:false
218 silly fetch manifest sift@17.1.3
219 silly packumentCache full:https://registry.npmjs.org/sift cache-miss
220 http fetch GET 200 https://registry.npmjs.org/validator 234ms (cache miss)
221 silly packumentCache full:https://registry.npmjs.org/validator set size:undefined disposed:false
222 http cache https://registry.npmjs.org/ms 24ms (cache hit)
223 silly packumentCache full:https://registry.npmjs.org/ms set size:84883 disposed:false
224 http fetch GET 200 https://registry.npmjs.org/lodash.isinteger 141ms (cache miss)
225 silly packumentCache full:https://registry.npmjs.org/lodash.isinteger set size:undefined disposed:false
226 http fetch GET 200 https://registry.npmjs.org/lodash.isboolean 158ms (cache miss)
227 silly packumentCache full:https://registry.npmjs.org/lodash.isboolean set size:undefined disposed:false
228 http fetch GET 200 https://registry.npmjs.org/kareem 128ms (cache miss)
229 silly packumentCache full:https://registry.npmjs.org/kareem set size:undefined disposed:false
230 http fetch GET 200 https://registry.npmjs.org/mpath 148ms (cache miss)
231 silly packumentCache full:https://registry.npmjs.org/mpath set size:undefined disposed:false
232 http fetch GET 200 https://registry.npmjs.org/mquery 163ms (cache miss)
233 silly packumentCache full:https://registry.npmjs.org/mquery set size:undefined disposed:false
234 http fetch GET 200 https://registry.npmjs.org/lodash.isplainobject 277ms (cache miss)
235 silly packumentCache full:https://registry.npmjs.org/lodash.isplainobject set size:undefined disposed:false
236 http fetch GET 200 https://registry.npmjs.org/bson 279ms (cache miss)
237 silly packumentCache full:https://registry.npmjs.org/bson set size:undefined disposed:false
238 http fetch GET 200 https://registry.npmjs.org/sift 242ms (cache miss)
239 silly packumentCache full:https://registry.npmjs.org/sift set size:undefined disposed:false
240 http fetch GET 200 https://registry.npmjs.org/mongodb 396ms (cache miss)
241 silly packumentCache full:https://registry.npmjs.org/mongodb set size:undefined disposed:false
242 silly placeDep ROOT object-assign@4.1.1 OK for: cors@2.8.5 want: ^4
243 silly placeDep ROOT vary@1.1.2 OK for: cors@2.8.5 want: ^1
244 silly placeDep ROOT accepts@2.0.0 OK for: express@5.1.0 want: ^2.0.0
245 silly placeDep ROOT body-parser@2.2.0 OK for: express@5.1.0 want: ^2.2.0
246 silly placeDep ROOT content-disposition@1.0.0 OK for: express@5.1.0 want: ^1.0.0
247 silly placeDep ROOT content-type@1.0.5 OK for: express@5.1.0 want: ^1.0.5
248 silly placeDep ROOT cookie@0.7.2 OK for: express@5.1.0 want: ^0.7.1
249 silly placeDep ROOT cookie-signature@1.2.2 OK for: express@5.1.0 want: ^1.2.1
250 silly placeDep ROOT debug@4.4.1 OK for: express@5.1.0 want: ^4.4.0
251 silly placeDep ROOT encodeurl@2.0.0 OK for: express@5.1.0 want: ^2.0.0
252 silly placeDep ROOT escape-html@1.0.3 OK for: express@5.1.0 want: ^1.0.3
253 silly placeDep ROOT etag@1.8.1 OK for: express@5.1.0 want: ^1.8.1
254 silly placeDep ROOT finalhandler@2.1.0 OK for: express@5.1.0 want: ^2.1.0
255 silly placeDep ROOT fresh@2.0.0 OK for: express@5.1.0 want: ^2.0.0
256 silly placeDep ROOT http-errors@2.0.0 OK for: express@5.1.0 want: ^2.0.0
257 silly placeDep ROOT merge-descriptors@2.0.0 OK for: express@5.1.0 want: ^2.0.0
258 silly placeDep ROOT mime-types@3.0.1 OK for: express@5.1.0 want: ^3.0.0
259 silly placeDep ROOT on-finished@2.4.1 OK for: express@5.1.0 want: ^2.4.1
260 silly placeDep ROOT once@1.4.0 OK for: express@5.1.0 want: ^1.4.0
261 silly placeDep ROOT parseurl@1.3.3 OK for: express@5.1.0 want: ^1.3.3
262 silly placeDep ROOT proxy-addr@2.0.7 OK for: express@5.1.0 want: ^2.0.7
263 silly placeDep ROOT qs@6.14.0 OK for: express@5.1.0 want: ^6.14.0
264 silly placeDep ROOT range-parser@1.2.1 OK for: express@5.1.0 want: ^1.2.1
265 silly placeDep ROOT router@2.2.0 OK for: express@5.1.0 want: ^2.2.0
266 silly placeDep ROOT send@1.2.0 OK for: express@5.1.0 want: ^1.1.0
267 silly placeDep ROOT serve-static@2.2.0 OK for: express@5.1.0 want: ^2.2.0
268 silly placeDep ROOT statuses@2.0.2 OK for: express@5.1.0 want: ^2.0.1
269 silly placeDep ROOT type-is@2.0.1 OK for: express@5.1.0 want: ^2.0.1
270 silly fetch manifest negotiator@^1.0.0
271 silly packumentCache full:https://registry.npmjs.org/negotiator cache-miss
272 silly fetch manifest bytes@^3.1.2
273 silly packumentCache full:https://registry.npmjs.org/bytes cache-miss
274 silly fetch manifest iconv-lite@^0.6.3
275 silly packumentCache full:https://registry.npmjs.org/iconv-lite cache-miss
276 silly fetch manifest raw-body@^3.0.0
277 silly packumentCache full:https://registry.npmjs.org/raw-body cache-miss
278 silly fetch manifest type-is@^2.0.0
279 silly packumentCache full:https://registry.npmjs.org/type-is cache-miss
280 silly fetch manifest safe-buffer@5.2.1
281 silly packumentCache full:https://registry.npmjs.org/safe-buffer cache-miss
282 silly fetch manifest ms@^2.1.3
283 silly packumentCache full:https://registry.npmjs.org/ms cache-hit
284 silly fetch manifest depd@2.0.0
285 silly packumentCache full:https://registry.npmjs.org/depd cache-miss
286 silly fetch manifest inherits@2.0.4
287 silly packumentCache full:https://registry.npmjs.org/inherits cache-miss
288 silly fetch manifest statuses@2.0.1
289 silly packumentCache full:https://registry.npmjs.org/statuses cache-miss
290 silly fetch manifest toidentifier@1.0.1
291 silly packumentCache full:https://registry.npmjs.org/toidentifier cache-miss
292 silly fetch manifest setprototypeof@1.2.0
293 silly packumentCache full:https://registry.npmjs.org/setprototypeof cache-miss
294 http cache https://registry.npmjs.org/type-is 25ms (cache hit)
295 silly packumentCache full:https://registry.npmjs.org/type-is set size:86196 disposed:false
296 silly fetch manifest mime-db@^1.54.0
297 silly packumentCache full:https://registry.npmjs.org/mime-db cache-miss
298 http cache https://registry.npmjs.org/statuses 28ms (cache hit)
299 silly packumentCache full:https://registry.npmjs.org/statuses set size:37117 disposed:false
300 silly fetch manifest ee-first@1.1.1
301 silly packumentCache full:https://registry.npmjs.org/ee-first cache-miss
302 http fetch GET 200 https://registry.npmjs.org/negotiator 144ms (cache miss)
303 silly packumentCache full:https://registry.npmjs.org/negotiator set size:undefined disposed:false
304 silly fetch manifest wrappy@1
305 silly packumentCache full:https://registry.npmjs.org/wrappy cache-miss
306 http fetch GET 200 https://registry.npmjs.org/safe-buffer 158ms (cache miss)
307 silly packumentCache full:https://registry.npmjs.org/safe-buffer set size:undefined disposed:false
308 silly fetch manifest forwarded@0.2.0
309 silly packumentCache full:https://registry.npmjs.org/forwarded cache-miss
310 http fetch GET 200 https://registry.npmjs.org/iconv-lite 171ms (cache miss)
311 silly packumentCache full:https://registry.npmjs.org/iconv-lite set size:undefined disposed:false
312 silly fetch manifest ipaddr.js@1.9.1
313 silly packumentCache full:https://registry.npmjs.org/ipaddr.js cache-miss
314 http fetch GET 200 https://registry.npmjs.org/raw-body 174ms (cache miss)
315 silly packumentCache full:https://registry.npmjs.org/raw-body set size:undefined disposed:false
316 silly fetch manifest side-channel@^1.1.0
317 silly packumentCache full:https://registry.npmjs.org/side-channel cache-miss
318 http fetch GET 200 https://registry.npmjs.org/depd 182ms (cache miss)
319 silly packumentCache full:https://registry.npmjs.org/depd set size:undefined disposed:false
320 silly fetch manifest depd@^2.0.0
321 silly packumentCache full:https://registry.npmjs.org/depd cache-miss
322 http fetch GET 200 https://registry.npmjs.org/bytes 191ms (cache miss)
323 silly packumentCache full:https://registry.npmjs.org/bytes set size:undefined disposed:false
324 silly fetch manifest is-promise@^4.0.0
325 silly packumentCache full:https://registry.npmjs.org/is-promise cache-miss
326 http fetch GET 200 https://registry.npmjs.org/mime-db 166ms (cache miss)
327 silly packumentCache full:https://registry.npmjs.org/mime-db set size:undefined disposed:false
328 silly fetch manifest path-to-regexp@^8.0.0
329 silly packumentCache full:https://registry.npmjs.org/path-to-regexp cache-miss
330 http fetch GET 200 https://registry.npmjs.org/ee-first 173ms (cache miss)
331 silly packumentCache full:https://registry.npmjs.org/ee-first set size:undefined disposed:false
332 silly fetch manifest media-typer@^1.1.0
333 silly packumentCache full:https://registry.npmjs.org/media-typer cache-miss
334 http fetch GET 200 https://registry.npmjs.org/inherits 207ms (cache miss)
335 silly packumentCache full:https://registry.npmjs.org/inherits set size:undefined disposed:false
336 http fetch GET 200 https://registry.npmjs.org/setprototypeof 208ms (cache miss)
337 silly packumentCache full:https://registry.npmjs.org/setprototypeof set size:undefined disposed:false
338 http cache https://registry.npmjs.org/depd 26ms (cache hit)
339 silly packumentCache full:https://registry.npmjs.org/depd set size:40182 disposed:false
340 http fetch GET 200 https://registry.npmjs.org/forwarded 155ms (cache miss)
341 silly packumentCache full:https://registry.npmjs.org/forwarded set size:undefined disposed:false
342 http fetch GET 200 https://registry.npmjs.org/wrappy 176ms (cache miss)
343 silly packumentCache full:https://registry.npmjs.org/wrappy set size:undefined disposed:false
344 http fetch GET 200 https://registry.npmjs.org/side-channel 150ms (cache miss)
345 silly packumentCache full:https://registry.npmjs.org/side-channel set size:undefined disposed:false
346 http fetch GET 200 https://registry.npmjs.org/ipaddr.js 155ms (cache miss)
347 silly packumentCache full:https://registry.npmjs.org/ipaddr.js set size:undefined disposed:false
348 http fetch GET 200 https://registry.npmjs.org/media-typer 127ms (cache miss)
349 silly packumentCache full:https://registry.npmjs.org/media-typer set size:undefined disposed:false
350 http fetch GET 200 https://registry.npmjs.org/path-to-regexp 144ms (cache miss)
351 silly packumentCache full:https://registry.npmjs.org/path-to-regexp set size:undefined disposed:false
352 http fetch GET 200 https://registry.npmjs.org/is-promise 163ms (cache miss)
353 silly packumentCache full:https://registry.npmjs.org/is-promise set size:undefined disposed:false
354 http fetch GET 200 https://registry.npmjs.org/toidentifier 808ms (cache miss)
355 silly packumentCache full:https://registry.npmjs.org/toidentifier set size:undefined disposed:false
356 silly placeDep ROOT negotiator@1.0.0 OK for: accepts@2.0.0 want: ^1.0.0
357 silly placeDep ROOT bytes@3.1.2 OK for: body-parser@2.2.0 want: ^3.1.2
358 silly placeDep ROOT iconv-lite@0.6.3 OK for: body-parser@2.2.0 want: ^0.6.3
359 silly placeDep ROOT raw-body@3.0.0 OK for: body-parser@2.2.0 want: ^3.0.0
360 silly fetch manifest safer-buffer@>= 2.1.2 < 3.0.0
361 silly packumentCache full:https://registry.npmjs.org/safer-buffer cache-miss
362 silly fetch manifest unpipe@1.0.0
363 silly packumentCache full:https://registry.npmjs.org/unpipe cache-miss
364 http fetch GET 200 https://registry.npmjs.org/unpipe 173ms (cache miss)
365 silly packumentCache full:https://registry.npmjs.org/unpipe set size:undefined disposed:false
366 http fetch GET 200 https://registry.npmjs.org/safer-buffer 175ms (cache miss)
367 silly packumentCache full:https://registry.npmjs.org/safer-buffer set size:undefined disposed:false
368 silly placeDep ROOT safe-buffer@5.2.1 OK for: content-disposition@1.0.0 want: 5.2.1
369 silly placeDep ROOT ms@2.1.3 OK for: debug@4.4.1 want: ^2.1.3
370 silly placeDep ROOT lodash@4.17.21 OK for: express-validator@7.2.1 want: ^4.17.21
371 silly placeDep ROOT validator@13.12.0 OK for: express-validator@7.2.1 want: ~13.12.0
372 silly placeDep ROOT depd@2.0.0 OK for: http-errors@2.0.0 want: 2.0.0
373 silly placeDep ROOT inherits@2.0.4 OK for: http-errors@2.0.0 want: 2.0.4
374 silly placeDep ROOT setprototypeof@1.2.0 OK for: http-errors@2.0.0 want: 1.2.0
375 silly placeDep node_modules/http-errors statuses@2.0.1 OK for: http-errors@2.0.0 want: 2.0.1
376 silly placeDep ROOT toidentifier@1.0.1 OK for: http-errors@2.0.0 want: 1.0.1
377 silly placeDep ROOT safer-buffer@2.1.2 OK for: iconv-lite@0.6.3 want: >= 2.1.2 < 3.0.0
378 silly placeDep ROOT jws@3.2.2 OK for: jsonwebtoken@9.0.2 want: ^3.2.2
379 silly placeDep ROOT lodash.includes@4.3.0 OK for: jsonwebtoken@9.0.2 want: ^4.3.0
380 silly placeDep ROOT lodash.isboolean@3.0.3 OK for: jsonwebtoken@9.0.2 want: ^3.0.3
381 silly placeDep ROOT lodash.isinteger@4.0.4 OK for: jsonwebtoken@9.0.2 want: ^4.0.4
382 silly placeDep ROOT lodash.isnumber@3.0.3 OK for: jsonwebtoken@9.0.2 want: ^3.0.3
383 silly placeDep ROOT lodash.isplainobject@4.0.6 OK for: jsonwebtoken@9.0.2 want: ^4.0.6
384 silly placeDep ROOT lodash.isstring@4.0.1 OK for: jsonwebtoken@9.0.2 want: ^4.0.1
385 silly placeDep ROOT lodash.once@4.1.1 OK for: jsonwebtoken@9.0.2 want: ^4.0.0
386 silly placeDep ROOT semver@7.7.2 OK for: jsonwebtoken@9.0.2 want: ^7.5.4
387 silly fetch manifest jwa@^1.4.1
388 silly packumentCache full:https://registry.npmjs.org/jwa cache-miss
389 http fetch GET 200 https://registry.npmjs.org/jwa 123ms (cache miss)
390 silly packumentCache full:https://registry.npmjs.org/jwa set size:undefined disposed:false
391 silly placeDep ROOT jwa@1.4.2 OK for: jws@3.2.2 want: ^1.4.1
392 silly fetch manifest ecdsa-sig-formatter@1.0.11
393 silly packumentCache full:https://registry.npmjs.org/ecdsa-sig-formatter cache-miss
394 silly fetch manifest buffer-equal-constant-time@^1.0.1
395 silly packumentCache full:https://registry.npmjs.org/buffer-equal-constant-time cache-miss
396 http fetch GET 200 https://registry.npmjs.org/ecdsa-sig-formatter 146ms (cache miss)
397 silly packumentCache full:https://registry.npmjs.org/ecdsa-sig-formatter set size:undefined disposed:false
398 http fetch GET 200 https://registry.npmjs.org/buffer-equal-constant-time 147ms (cache miss)
399 silly packumentCache full:https://registry.npmjs.org/buffer-equal-constant-time set size:undefined disposed:false
400 silly placeDep ROOT buffer-equal-constant-time@1.0.1 OK for: jwa@1.4.2 want: ^1.0.1
401 silly placeDep ROOT ecdsa-sig-formatter@1.0.11 OK for: jwa@1.4.2 want: 1.0.11
402 silly placeDep ROOT mime-db@1.54.0 OK for: mime-types@3.0.1 want: ^1.54.0
403 silly fetch manifest @aws-sdk/credential-providers@^3.188.0
404 silly packumentCache full:https://registry.npmjs.org/@aws-sdk%2fcredential-providers cache-miss
405 http fetch GET 200 https://registry.npmjs.org/@aws-sdk%2fcredential-providers 345ms (cache miss)
406 silly packumentCache full:https://registry.npmjs.org/@aws-sdk%2fcredential-providers set size:undefined disposed:false
407 silly fetch manifest @mongodb-js/zstd@^1.1.0 || ^2.0.0
408 silly packumentCache full:https://registry.npmjs.org/@mongodb-js%2fzstd cache-miss
409 http fetch GET 200 https://registry.npmjs.org/@mongodb-js%2fzstd 162ms (cache miss)
410 silly packumentCache full:https://registry.npmjs.org/@mongodb-js%2fzstd set size:undefined disposed:false
411 silly fetch manifest gcp-metadata@^5.2.0
412 silly packumentCache full:https://registry.npmjs.org/gcp-metadata cache-miss
413 http fetch GET 200 https://registry.npmjs.org/gcp-metadata 139ms (cache miss)
414 silly packumentCache full:https://registry.npmjs.org/gcp-metadata set size:undefined disposed:false
415 silly fetch manifest kerberos@^2.0.1
416 silly packumentCache full:https://registry.npmjs.org/kerberos cache-miss
417 http fetch GET 200 https://registry.npmjs.org/kerberos 131ms (cache miss)
418 silly packumentCache full:https://registry.npmjs.org/kerberos set size:undefined disposed:false
419 silly fetch manifest mongodb-client-encryption@>=6.0.0 <7
420 silly packumentCache full:https://registry.npmjs.org/mongodb-client-encryption cache-miss
421 http fetch GET 200 https://registry.npmjs.org/mongodb-client-encryption 168ms (cache miss)
422 silly packumentCache full:https://registry.npmjs.org/mongodb-client-encryption set size:undefined disposed:false
423 silly fetch manifest snappy@^7.2.2
424 silly packumentCache full:https://registry.npmjs.org/snappy cache-miss
425 http fetch GET 200 https://registry.npmjs.org/snappy 135ms (cache miss)
426 silly packumentCache full:https://registry.npmjs.org/snappy set size:undefined disposed:false
427 silly fetch manifest socks@^2.7.1
428 silly packumentCache full:https://registry.npmjs.org/socks cache-miss
429 http fetch GET 200 https://registry.npmjs.org/socks 131ms (cache miss)
430 silly packumentCache full:https://registry.npmjs.org/socks set size:undefined disposed:false
431 silly placeDep ROOT bson@6.10.4 OK for: mongoose@8.17.2 want: ^6.10.4
432 silly placeDep ROOT kareem@2.6.3 OK for: mongoose@8.17.2 want: 2.6.3
433 silly placeDep ROOT mongodb@6.18.0 OK for: mongoose@8.17.2 want: ~6.18.0
434 silly placeDep ROOT mpath@0.9.0 OK for: mongoose@8.17.2 want: 0.9.0
435 silly placeDep ROOT mquery@5.0.0 OK for: mongoose@8.17.2 want: 5.0.0
436 silly placeDep ROOT sift@17.1.3 OK for: mongoose@8.17.2 want: 17.1.3
437 silly fetch manifest @mongodb-js/saslprep@^1.1.9
438 silly packumentCache full:https://registry.npmjs.org/@mongodb-js%2fsaslprep cache-miss
439 silly fetch manifest mongodb-connection-string-url@^3.0.0
440 silly packumentCache full:https://registry.npmjs.org/mongodb-connection-string-url cache-miss
441 http fetch GET 200 https://registry.npmjs.org/@mongodb-js%2fsaslprep 135ms (cache miss)
442 silly packumentCache full:https://registry.npmjs.org/@mongodb-js%2fsaslprep set size:undefined disposed:false
443 http fetch GET 200 https://registry.npmjs.org/mongodb-connection-string-url 151ms (cache miss)
444 silly packumentCache full:https://registry.npmjs.org/mongodb-connection-string-url set size:undefined disposed:false
445 silly placeDep ROOT @mongodb-js/saslprep@1.3.0 OK for: mongodb@6.18.0 want: ^1.1.9
446 silly placeDep ROOT mongodb-connection-string-url@3.0.2 OK for: mongodb@6.18.0 want: ^3.0.0
447 silly fetch manifest sparse-bitfield@^3.0.3
448 silly packumentCache full:https://registry.npmjs.org/sparse-bitfield cache-miss
449 silly fetch manifest whatwg-url@^14.1.0 || ^13.0.0
450 silly packumentCache full:https://registry.npmjs.org/whatwg-url cache-miss
451 silly fetch manifest @types/whatwg-url@^11.0.2
452 silly packumentCache full:https://registry.npmjs.org/@types%2fwhatwg-url cache-miss
453 http fetch GET 200 https://registry.npmjs.org/sparse-bitfield 135ms (cache miss)
454 silly packumentCache full:https://registry.npmjs.org/sparse-bitfield set size:undefined disposed:false
455 http fetch GET 200 https://registry.npmjs.org/whatwg-url 138ms (cache miss)
456 silly packumentCache full:https://registry.npmjs.org/whatwg-url set size:undefined disposed:false
457 http fetch GET 200 https://registry.npmjs.org/@types%2fwhatwg-url 141ms (cache miss)
458 silly packumentCache full:https://registry.npmjs.org/@types%2fwhatwg-url set size:undefined disposed:false
459 silly placeDep ROOT sparse-bitfield@3.0.3 OK for: @mongodb-js/saslprep@1.3.0 want: ^3.0.3
460 silly fetch manifest memory-pager@^1.0.2
461 silly packumentCache full:https://registry.npmjs.org/memory-pager cache-miss
462 http fetch GET 200 https://registry.npmjs.org/memory-pager 145ms (cache miss)
463 silly packumentCache full:https://registry.npmjs.org/memory-pager set size:undefined disposed:false
464 silly placeDep ROOT @types/whatwg-url@11.0.5 OK for: mongodb-connection-string-url@3.0.2 want: ^11.0.2
465 silly placeDep ROOT whatwg-url@14.2.0 OK for: mongodb-connection-string-url@3.0.2 want: ^14.1.0 || ^13.0.0
466 silly fetch manifest @types/webidl-conversions@*
467 silly packumentCache full:https://registry.npmjs.org/@types%2fwebidl-conversions cache-miss
468 silly fetch manifest tr46@^5.1.0
469 silly packumentCache full:https://registry.npmjs.org/tr46 cache-miss
470 silly fetch manifest webidl-conversions@^7.0.0
471 silly packumentCache full:https://registry.npmjs.org/webidl-conversions cache-miss
472 http fetch GET 200 https://registry.npmjs.org/webidl-conversions 131ms (cache miss)
473 silly packumentCache full:https://registry.npmjs.org/webidl-conversions set size:undefined disposed:false
474 http fetch GET 200 https://registry.npmjs.org/tr46 138ms (cache miss)
475 silly packumentCache full:https://registry.npmjs.org/tr46 set size:undefined disposed:false
476 http fetch GET 200 https://registry.npmjs.org/@types%2fwebidl-conversions 171ms (cache miss)
477 silly packumentCache full:https://registry.npmjs.org/@types%2fwebidl-conversions set size:undefined disposed:false
478 silly placeDep ROOT @types/webidl-conversions@7.0.3 OK for: @types/whatwg-url@11.0.5 want: *
479 silly placeDep ROOT ee-first@1.1.1 OK for: on-finished@2.4.1 want: 1.1.1
480 silly placeDep ROOT wrappy@1.0.2 OK for: once@1.4.0 want: 1
481 silly placeDep ROOT forwarded@0.2.0 OK for: proxy-addr@2.0.7 want: 0.2.0
482 silly placeDep ROOT ipaddr.js@1.9.1 OK for: proxy-addr@2.0.7 want: 1.9.1
483 silly placeDep ROOT side-channel@1.1.0 OK for: qs@6.14.0 want: ^1.1.0
484 silly fetch manifest es-errors@^1.3.0
485 silly packumentCache full:https://registry.npmjs.org/es-errors cache-miss
486 silly fetch manifest object-inspect@^1.13.3
487 silly packumentCache full:https://registry.npmjs.org/object-inspect cache-miss
488 silly fetch manifest side-channel-list@^1.0.0
489 silly packumentCache full:https://registry.npmjs.org/side-channel-list cache-miss
490 silly fetch manifest side-channel-map@^1.0.1
491 silly packumentCache full:https://registry.npmjs.org/side-channel-map cache-miss
492 silly fetch manifest side-channel-weakmap@^1.0.2
493 silly packumentCache full:https://registry.npmjs.org/side-channel-weakmap cache-miss
494 http fetch GET 200 https://registry.npmjs.org/es-errors 115ms (cache miss)
495 silly packumentCache full:https://registry.npmjs.org/es-errors set size:undefined disposed:false
496 http fetch GET 200 https://registry.npmjs.org/side-channel-list 122ms (cache miss)
497 silly packumentCache full:https://registry.npmjs.org/side-channel-list set size:undefined disposed:false
498 http fetch GET 200 https://registry.npmjs.org/side-channel-weakmap 126ms (cache miss)
499 silly packumentCache full:https://registry.npmjs.org/side-channel-weakmap set size:undefined disposed:false
500 http fetch GET 200 https://registry.npmjs.org/object-inspect 141ms (cache miss)
501 silly packumentCache full:https://registry.npmjs.org/object-inspect set size:undefined disposed:false
502 http fetch GET 200 https://registry.npmjs.org/side-channel-map 143ms (cache miss)
503 silly packumentCache full:https://registry.npmjs.org/side-channel-map set size:undefined disposed:false
504 silly placeDep ROOT unpipe@1.0.0 OK for: raw-body@3.0.0 want: 1.0.0
505 silly placeDep ROOT is-promise@4.0.0 OK for: router@2.2.0 want: ^4.0.0
506 silly placeDep ROOT path-to-regexp@8.2.0 OK for: router@2.2.0 want: ^8.0.0
507 silly placeDep ROOT es-errors@1.3.0 OK for: side-channel@1.1.0 want: ^1.3.0
508 silly placeDep ROOT object-inspect@1.13.4 OK for: side-channel@1.1.0 want: ^1.13.3
509 silly placeDep ROOT side-channel-list@1.0.0 OK for: side-channel@1.1.0 want: ^1.0.0
510 silly placeDep ROOT side-channel-map@1.0.1 OK for: side-channel@1.1.0 want: ^1.0.1
511 silly placeDep ROOT side-channel-weakmap@1.0.2 OK for: side-channel@1.1.0 want: ^1.0.2
512 silly fetch manifest call-bound@^1.0.2
513 silly packumentCache full:https://registry.npmjs.org/call-bound cache-miss
514 silly fetch manifest get-intrinsic@^1.2.5
515 silly packumentCache full:https://registry.npmjs.org/get-intrinsic cache-miss
516 silly fetch manifest call-bound@^1.0.2
517 silly packumentCache full:https://registry.npmjs.org/call-bound cache-miss
518 silly fetch manifest get-intrinsic@^1.2.5
519 silly packumentCache full:https://registry.npmjs.org/get-intrinsic cache-miss
520 http fetch GET 200 https://registry.npmjs.org/call-bound 122ms (cache miss)
521 silly packumentCache full:https://registry.npmjs.org/call-bound set size:undefined disposed:false
522 http fetch GET 200 https://registry.npmjs.org/call-bound 126ms (cache miss)
523 silly packumentCache full:https://registry.npmjs.org/call-bound set size:undefined disposed:false
524 http fetch GET 200 https://registry.npmjs.org/get-intrinsic 128ms (cache miss)
525 silly packumentCache full:https://registry.npmjs.org/get-intrinsic set size:undefined disposed:false
526 http fetch GET 200 https://registry.npmjs.org/get-intrinsic 145ms (cache miss)
527 silly packumentCache full:https://registry.npmjs.org/get-intrinsic set size:undefined disposed:false
528 silly placeDep ROOT call-bound@1.0.4 OK for: side-channel-map@1.0.1 want: ^1.0.2
529 silly placeDep ROOT get-intrinsic@1.3.0 OK for: side-channel-map@1.0.1 want: ^1.2.5
530 silly fetch manifest call-bind-apply-helpers@^1.0.2
531 silly packumentCache full:https://registry.npmjs.org/call-bind-apply-helpers cache-miss
532 silly fetch manifest get-intrinsic@^1.3.0
533 silly packumentCache full:https://registry.npmjs.org/get-intrinsic cache-miss
534 silly fetch manifest call-bind-apply-helpers@^1.0.2
535 silly packumentCache full:https://registry.npmjs.org/call-bind-apply-helpers cache-miss
536 silly fetch manifest es-define-property@^1.0.1
537 silly packumentCache full:https://registry.npmjs.org/es-define-property cache-miss
538 silly fetch manifest es-object-atoms@^1.1.1
539 silly packumentCache full:https://registry.npmjs.org/es-object-atoms cache-miss
540 silly fetch manifest function-bind@^1.1.2
541 silly packumentCache full:https://registry.npmjs.org/function-bind cache-miss
542 silly fetch manifest get-proto@^1.0.1
543 silly packumentCache full:https://registry.npmjs.org/get-proto cache-miss
544 silly fetch manifest gopd@^1.2.0
545 silly packumentCache full:https://registry.npmjs.org/gopd cache-miss
546 silly fetch manifest has-symbols@^1.1.0
547 silly packumentCache full:https://registry.npmjs.org/has-symbols cache-miss
548 silly fetch manifest hasown@^2.0.2
549 silly packumentCache full:https://registry.npmjs.org/hasown cache-miss
550 silly fetch manifest math-intrinsics@^1.1.0
551 silly packumentCache full:https://registry.npmjs.org/math-intrinsics cache-miss
552 http cache https://registry.npmjs.org/get-intrinsic 20ms (cache hit)
553 silly packumentCache full:https://registry.npmjs.org/get-intrinsic set size:57687 disposed:false
554 http fetch GET 200 https://registry.npmjs.org/call-bind-apply-helpers 134ms (cache miss)
555 silly packumentCache full:https://registry.npmjs.org/call-bind-apply-helpers set size:undefined disposed:false
556 http fetch GET 200 https://registry.npmjs.org/es-object-atoms 136ms (cache miss)
557 silly packumentCache full:https://registry.npmjs.org/es-object-atoms set size:undefined disposed:false
558 http fetch GET 200 https://registry.npmjs.org/es-define-property 139ms (cache miss)
559 silly packumentCache full:https://registry.npmjs.org/es-define-property set size:undefined disposed:false
560 http fetch GET 200 https://registry.npmjs.org/get-proto 139ms (cache miss)
561 silly packumentCache full:https://registry.npmjs.org/get-proto set size:undefined disposed:false
562 http fetch GET 200 https://registry.npmjs.org/call-bind-apply-helpers 151ms (cache miss)
563 silly packumentCache full:https://registry.npmjs.org/call-bind-apply-helpers set size:undefined disposed:false
564 http fetch GET 200 https://registry.npmjs.org/hasown 152ms (cache miss)
565 silly packumentCache full:https://registry.npmjs.org/hasown set size:undefined disposed:false
566 http fetch GET 200 https://registry.npmjs.org/math-intrinsics 154ms (cache miss)
567 silly packumentCache full:https://registry.npmjs.org/math-intrinsics set size:undefined disposed:false
568 http fetch GET 200 https://registry.npmjs.org/function-bind 167ms (cache miss)
569 silly packumentCache full:https://registry.npmjs.org/function-bind set size:undefined disposed:false
570 http fetch GET 200 https://registry.npmjs.org/has-symbols 170ms (cache miss)
571 silly packumentCache full:https://registry.npmjs.org/has-symbols set size:undefined disposed:false
572 http fetch GET 200 https://registry.npmjs.org/gopd 172ms (cache miss)
573 silly packumentCache full:https://registry.npmjs.org/gopd set size:undefined disposed:false
574 silly placeDep ROOT call-bind-apply-helpers@1.0.2 OK for: call-bound@1.0.4 want: ^1.0.2
575 silly placeDep ROOT function-bind@1.1.2 OK for: call-bind-apply-helpers@1.0.2 want: ^1.1.2
576 silly placeDep ROOT es-define-property@1.0.1 OK for: get-intrinsic@1.3.0 want: ^1.0.1
577 silly placeDep ROOT es-object-atoms@1.1.1 OK for: get-intrinsic@1.3.0 want: ^1.1.1
578 silly placeDep ROOT get-proto@1.0.1 OK for: get-intrinsic@1.3.0 want: ^1.0.1
579 silly placeDep ROOT gopd@1.2.0 OK for: get-intrinsic@1.3.0 want: ^1.2.0
580 silly placeDep ROOT has-symbols@1.1.0 OK for: get-intrinsic@1.3.0 want: ^1.1.0
581 silly placeDep ROOT hasown@2.0.2 OK for: get-intrinsic@1.3.0 want: ^2.0.2
582 silly placeDep ROOT math-intrinsics@1.1.0 OK for: get-intrinsic@1.3.0 want: ^1.1.0
583 silly fetch manifest dunder-proto@^1.0.1
584 silly packumentCache full:https://registry.npmjs.org/dunder-proto cache-miss
585 http fetch GET 200 https://registry.npmjs.org/dunder-proto 121ms (cache miss)
586 silly packumentCache full:https://registry.npmjs.org/dunder-proto set size:undefined disposed:false
587 silly placeDep ROOT dunder-proto@1.0.1 OK for: get-proto@1.0.1 want: ^1.0.1
588 silly placeDep ROOT memory-pager@1.5.0 OK for: sparse-bitfield@3.0.3 want: ^1.0.2
589 silly placeDep ROOT media-typer@1.1.0 OK for: type-is@2.0.1 want: ^1.1.0
590 silly placeDep ROOT tr46@5.1.1 OK for: whatwg-url@14.2.0 want: ^5.1.0
591 silly placeDep ROOT webidl-conversions@7.0.0 OK for: whatwg-url@14.2.0 want: ^7.0.0
592 silly fetch manifest punycode@^2.3.1
593 silly packumentCache full:https://registry.npmjs.org/punycode cache-miss
594 http fetch GET 200 https://registry.npmjs.org/punycode 143ms (cache miss)
595 silly packumentCache full:https://registry.npmjs.org/punycode set size:undefined disposed:false
596 silly placeDep ROOT punycode@2.3.1 OK for: tr46@5.1.1 want: ^2.3.1
597 silly reify moves {}
598 http cache webidl-conversions@https://registry.npmjs.org/webidl-conversions/-/webidl-conversions-7.0.0.tgz 0ms (cache hit)
599 http cache punycode@https://registry.npmjs.org/punycode/-/punycode-2.3.1.tgz 0ms (cache hit)
600 http cache memory-pager@https://registry.npmjs.org/memory-pager/-/memory-pager-1.5.0.tgz 0ms (cache hit)
601 http cache tr46@https://registry.npmjs.org/tr46/-/tr46-5.1.1.tgz 0ms (cache hit)
602 http cache media-typer@https://registry.npmjs.org/media-typer/-/media-typer-1.1.0.tgz 0ms (cache hit)
603 http cache dunder-proto@https://registry.npmjs.org/dunder-proto/-/dunder-proto-1.0.1.tgz 0ms (cache hit)
604 http cache math-intrinsics@https://registry.npmjs.org/math-intrinsics/-/math-intrinsics-1.1.0.tgz 0ms (cache hit)
605 http cache has-symbols@https://registry.npmjs.org/has-symbols/-/has-symbols-1.1.0.tgz 0ms (cache hit)
606 http cache hasown@https://registry.npmjs.org/hasown/-/hasown-2.0.2.tgz 0ms (cache hit)
607 http cache gopd@https://registry.npmjs.org/gopd/-/gopd-1.2.0.tgz 0ms (cache hit)
608 http cache es-object-atoms@https://registry.npmjs.org/es-object-atoms/-/es-object-atoms-1.1.1.tgz 0ms (cache hit)
609 http cache get-proto@https://registry.npmjs.org/get-proto/-/get-proto-1.0.1.tgz 0ms (cache hit)
610 http cache es-define-property@https://registry.npmjs.org/es-define-property/-/es-define-property-1.0.1.tgz 0ms (cache hit)
611 http cache function-bind@https://registry.npmjs.org/function-bind/-/function-bind-1.1.2.tgz 0ms (cache hit)
612 http cache call-bind-apply-helpers@https://registry.npmjs.org/call-bind-apply-helpers/-/call-bind-apply-helpers-1.0.2.tgz 0ms (cache hit)
613 http cache get-intrinsic@https://registry.npmjs.org/get-intrinsic/-/get-intrinsic-1.3.0.tgz 0ms (cache hit)
614 http cache call-bound@https://registry.npmjs.org/call-bound/-/call-bound-1.0.4.tgz 0ms (cache hit)
615 http cache side-channel-map@https://registry.npmjs.org/side-channel-map/-/side-channel-map-1.0.1.tgz 0ms (cache hit)
616 http cache object-inspect@https://registry.npmjs.org/object-inspect/-/object-inspect-1.13.4.tgz 0ms (cache hit)
617 http cache side-channel-weakmap@https://registry.npmjs.org/side-channel-weakmap/-/side-channel-weakmap-1.0.2.tgz 0ms (cache hit)
618 http cache side-channel-list@https://registry.npmjs.org/side-channel-list/-/side-channel-list-1.0.0.tgz 0ms (cache hit)
619 http cache is-promise@https://registry.npmjs.org/is-promise/-/is-promise-4.0.0.tgz 0ms (cache hit)
620 http cache es-errors@https://registry.npmjs.org/es-errors/-/es-errors-1.3.0.tgz 0ms (cache hit)
621 http cache path-to-regexp@https://registry.npmjs.org/path-to-regexp/-/path-to-regexp-8.2.0.tgz 0ms (cache hit)
622 http cache unpipe@https://registry.npmjs.org/unpipe/-/unpipe-1.0.0.tgz 0ms (cache hit)
623 http cache ipaddr.js@https://registry.npmjs.org/ipaddr.js/-/ipaddr.js-1.9.1.tgz 0ms (cache hit)
624 http cache wrappy@https://registry.npmjs.org/wrappy/-/wrappy-1.0.2.tgz 0ms (cache hit)
625 http cache @types/webidl-conversions@https://registry.npmjs.org/@types/webidl-conversions/-/webidl-conversions-7.0.3.tgz 0ms (cache hit)
626 http cache forwarded@https://registry.npmjs.org/forwarded/-/forwarded-0.2.0.tgz 0ms (cache hit)
627 http cache side-channel@https://registry.npmjs.org/side-channel/-/side-channel-1.1.0.tgz 0ms (cache hit)
628 http cache ee-first@https://registry.npmjs.org/ee-first/-/ee-first-1.1.1.tgz 0ms (cache hit)
629 http cache @types/whatwg-url@https://registry.npmjs.org/@types/whatwg-url/-/whatwg-url-11.0.5.tgz 0ms (cache hit)
630 http cache whatwg-url@https://registry.npmjs.org/whatwg-url/-/whatwg-url-14.2.0.tgz 0ms (cache hit)
631 http cache sparse-bitfield@https://registry.npmjs.org/sparse-bitfield/-/sparse-bitfield-3.0.3.tgz 0ms (cache hit)
632 http cache @mongodb-js/saslprep@https://registry.npmjs.org/@mongodb-js/saslprep/-/saslprep-1.3.0.tgz 0ms (cache hit)
633 http cache mongodb-connection-string-url@https://registry.npmjs.org/mongodb-connection-string-url/-/mongodb-connection-string-url-3.0.2.tgz 0ms (cache hit)
634 http cache mquery@https://registry.npmjs.org/mquery/-/mquery-5.0.0.tgz 0ms (cache hit)
635 http cache sift@https://registry.npmjs.org/sift/-/sift-17.1.3.tgz 0ms (cache hit)
636 http cache mongodb@https://registry.npmjs.org/mongodb/-/mongodb-6.18.0.tgz 0ms (cache hit)
637 http cache bson@https://registry.npmjs.org/bson/-/bson-6.10.4.tgz 0ms (cache hit)
638 http cache kareem@https://registry.npmjs.org/kareem/-/kareem-2.6.3.tgz 0ms (cache hit)
639 http cache mime-db@https://registry.npmjs.org/mime-db/-/mime-db-1.54.0.tgz 0ms (cache hit)
640 http cache mpath@https://registry.npmjs.org/mpath/-/mpath-0.9.0.tgz 0ms (cache hit)
641 http cache ecdsa-sig-formatter@https://registry.npmjs.org/ecdsa-sig-formatter/-/ecdsa-sig-formatter-1.0.11.tgz 0ms (cache hit)
642 http cache buffer-equal-constant-time@https://registry.npmjs.org/buffer-equal-constant-time/-/buffer-equal-constant-time-1.0.1.tgz 0ms (cache hit)
643 http cache jwa@https://registry.npmjs.org/jwa/-/jwa-1.4.2.tgz 0ms (cache hit)
644 http cache lodash.once@https://registry.npmjs.org/lodash.once/-/lodash.once-4.1.1.tgz 0ms (cache hit)
645 http cache semver@https://registry.npmjs.org/semver/-/semver-7.7.2.tgz 0ms (cache hit)
646 http cache lodash.isnumber@https://registry.npmjs.org/lodash.isnumber/-/lodash.isnumber-3.0.3.tgz 0ms (cache hit)
647 http cache lodash.isstring@https://registry.npmjs.org/lodash.isstring/-/lodash.isstring-4.0.1.tgz 0ms (cache hit)
648 http cache lodash.isinteger@https://registry.npmjs.org/lodash.isinteger/-/lodash.isinteger-4.0.4.tgz 0ms (cache hit)
649 http cache lodash.isplainobject@https://registry.npmjs.org/lodash.isplainobject/-/lodash.isplainobject-4.0.6.tgz 0ms (cache hit)
650 http cache lodash.isboolean@https://registry.npmjs.org/lodash.isboolean/-/lodash.isboolean-3.0.3.tgz 0ms (cache hit)
651 http cache jws@https://registry.npmjs.org/jws/-/jws-3.2.2.tgz 0ms (cache hit)
652 http cache toidentifier@https://registry.npmjs.org/toidentifier/-/toidentifier-1.0.1.tgz 0ms (cache hit)
653 http cache lodash.includes@https://registry.npmjs.org/lodash.includes/-/lodash.includes-4.3.0.tgz 0ms (cache hit)
654 http cache safer-buffer@https://registry.npmjs.org/safer-buffer/-/safer-buffer-2.1.2.tgz 0ms (cache hit)
655 http cache setprototypeof@https://registry.npmjs.org/setprototypeof/-/setprototypeof-1.2.0.tgz 0ms (cache hit)
656 http cache inherits@https://registry.npmjs.org/inherits/-/inherits-2.0.4.tgz 0ms (cache hit)
657 http cache validator@https://registry.npmjs.org/validator/-/validator-13.12.0.tgz 0ms (cache hit)
658 http cache depd@https://registry.npmjs.org/depd/-/depd-2.0.0.tgz 0ms (cache hit)
659 http cache lodash@https://registry.npmjs.org/lodash/-/lodash-4.17.21.tgz 0ms (cache hit)
660 http cache ms@https://registry.npmjs.org/ms/-/ms-2.1.3.tgz 0ms (cache hit)
661 http cache iconv-lite@https://registry.npmjs.org/iconv-lite/-/iconv-lite-0.6.3.tgz 0ms (cache hit)
662 http cache raw-body@https://registry.npmjs.org/raw-body/-/raw-body-3.0.0.tgz 0ms (cache hit)
663 http cache safe-buffer@https://registry.npmjs.org/safe-buffer/-/safe-buffer-5.2.1.tgz 0ms (cache hit)
664 http cache negotiator@https://registry.npmjs.org/negotiator/-/negotiator-1.0.0.tgz 0ms (cache hit)
665 http cache statuses@https://registry.npmjs.org/statuses/-/statuses-2.0.2.tgz 0ms (cache hit)
666 http cache serve-static@https://registry.npmjs.org/serve-static/-/serve-static-2.2.0.tgz 0ms (cache hit)
667 http cache bytes@https://registry.npmjs.org/bytes/-/bytes-3.1.2.tgz 0ms (cache hit)
668 http cache send@https://registry.npmjs.org/send/-/send-1.2.0.tgz 0ms (cache hit)
669 http cache type-is@https://registry.npmjs.org/type-is/-/type-is-2.0.1.tgz 0ms (cache hit)
670 http cache router@https://registry.npmjs.org/router/-/router-2.2.0.tgz 0ms (cache hit)
671 http cache range-parser@https://registry.npmjs.org/range-parser/-/range-parser-1.2.1.tgz 0ms (cache hit)
672 http cache qs@https://registry.npmjs.org/qs/-/qs-6.14.0.tgz 0ms (cache hit)
673 http cache parseurl@https://registry.npmjs.org/parseurl/-/parseurl-1.3.3.tgz 0ms (cache hit)
674 http cache once@https://registry.npmjs.org/once/-/once-1.4.0.tgz 0ms (cache hit)
675 http cache proxy-addr@https://registry.npmjs.org/proxy-addr/-/proxy-addr-2.0.7.tgz 0ms (cache hit)
676 http cache on-finished@https://registry.npmjs.org/on-finished/-/on-finished-2.4.1.tgz 0ms (cache hit)
677 http cache mime-types@https://registry.npmjs.org/mime-types/-/mime-types-3.0.1.tgz 0ms (cache hit)
678 http cache merge-descriptors@https://registry.npmjs.org/merge-descriptors/-/merge-descriptors-2.0.0.tgz 0ms (cache hit)
679 http cache http-errors@https://registry.npmjs.org/http-errors/-/http-errors-2.0.0.tgz 0ms (cache hit)
680 http cache finalhandler@https://registry.npmjs.org/finalhandler/-/finalhandler-2.1.0.tgz 0ms (cache hit)
681 http cache fresh@https://registry.npmjs.org/fresh/-/fresh-2.0.0.tgz 0ms (cache hit)
682 http cache etag@https://registry.npmjs.org/etag/-/etag-1.8.1.tgz 0ms (cache hit)
683 http cache debug@https://registry.npmjs.org/debug/-/debug-4.4.1.tgz 0ms (cache hit)
684 http cache encodeurl@https://registry.npmjs.org/encodeurl/-/encodeurl-2.0.0.tgz 0ms (cache hit)
685 http cache cookie-signature@https://registry.npmjs.org/cookie-signature/-/cookie-signature-1.2.2.tgz 0ms (cache hit)
686 http cache escape-html@https://registry.npmjs.org/escape-html/-/escape-html-1.0.3.tgz 0ms (cache hit)
687 http cache cookie@https://registry.npmjs.org/cookie/-/cookie-0.7.2.tgz 0ms (cache hit)
688 http cache content-type@https://registry.npmjs.org/content-type/-/content-type-1.0.5.tgz 0ms (cache hit)
689 http cache content-disposition@https://registry.npmjs.org/content-disposition/-/content-disposition-1.0.0.tgz 0ms (cache hit)
690 http cache body-parser@https://registry.npmjs.org/body-parser/-/body-parser-2.2.0.tgz 0ms (cache hit)
691 http cache accepts@https://registry.npmjs.org/accepts/-/accepts-2.0.0.tgz 0ms (cache hit)
692 http cache object-assign@https://registry.npmjs.org/object-assign/-/object-assign-4.1.1.tgz 0ms (cache hit)
693 http cache vary@https://registry.npmjs.org/vary/-/vary-1.1.2.tgz 0ms (cache hit)
694 http cache express-validator@https://registry.npmjs.org/express-validator/-/express-validator-7.2.1.tgz 0ms (cache hit)
695 http cache mongoose@https://registry.npmjs.org/mongoose/-/mongoose-8.17.2.tgz 0ms (cache hit)
696 http cache express@https://registry.npmjs.org/express/-/express-5.1.0.tgz 0ms (cache hit)
697 http cache cors@https://registry.npmjs.org/cors/-/cors-2.8.5.tgz 0ms (cache hit)
698 http cache jsonwebtoken@https://registry.npmjs.org/jsonwebtoken/-/jsonwebtoken-9.0.2.tgz 0ms (cache hit)
699 http cache dotenv@https://registry.npmjs.org/dotenv/-/dotenv-17.2.1.tgz 0ms (cache hit)
700 silly tarball no local data for punycode@https://registry.npmjs.org/punycode/-/punycode-2.3.1.tgz. Extracting by manifest.
701 silly tarball no local data for webidl-conversions@https://registry.npmjs.org/webidl-conversions/-/webidl-conversions-7.0.0.tgz. Extracting by manifest.
702 silly tarball no local data for memory-pager@https://registry.npmjs.org/memory-pager/-/memory-pager-1.5.0.tgz. Extracting by manifest.
703 http cache bcryptjs@https://registry.npmjs.org/bcryptjs/-/bcryptjs-3.0.2.tgz 0ms (cache hit)
704 silly tarball no local data for tr46@https://registry.npmjs.org/tr46/-/tr46-5.1.1.tgz. Extracting by manifest.
705 http cache statuses@https://registry.npmjs.org/statuses/-/statuses-2.0.1.tgz 0ms (cache hit)
706 silly tarball no local data for media-typer@https://registry.npmjs.org/media-typer/-/media-typer-1.1.0.tgz. Extracting by manifest.
707 silly tarball no local data for dunder-proto@https://registry.npmjs.org/dunder-proto/-/dunder-proto-1.0.1.tgz. Extracting by manifest.
708 silly tarball no local data for math-intrinsics@https://registry.npmjs.org/math-intrinsics/-/math-intrinsics-1.1.0.tgz. Extracting by manifest.
709 silly tarball no local data for has-symbols@https://registry.npmjs.org/has-symbols/-/has-symbols-1.1.0.tgz. Extracting by manifest.
710 silly tarball no local data for hasown@https://registry.npmjs.org/hasown/-/hasown-2.0.2.tgz. Extracting by manifest.
711 silly tarball no local data for gopd@https://registry.npmjs.org/gopd/-/gopd-1.2.0.tgz. Extracting by manifest.
712 silly tarball no local data for es-object-atoms@https://registry.npmjs.org/es-object-atoms/-/es-object-atoms-1.1.1.tgz. Extracting by manifest.
713 silly tarball no local data for get-proto@https://registry.npmjs.org/get-proto/-/get-proto-1.0.1.tgz. Extracting by manifest.
714 silly tarball no local data for es-define-property@https://registry.npmjs.org/es-define-property/-/es-define-property-1.0.1.tgz. Extracting by manifest.
715 silly tarball no local data for function-bind@https://registry.npmjs.org/function-bind/-/function-bind-1.1.2.tgz. Extracting by manifest.
716 silly tarball no local data for call-bind-apply-helpers@https://registry.npmjs.org/call-bind-apply-helpers/-/call-bind-apply-helpers-1.0.2.tgz. Extracting by manifest.
717 silly tarball no local data for get-intrinsic@https://registry.npmjs.org/get-intrinsic/-/get-intrinsic-1.3.0.tgz. Extracting by manifest.
718 silly tarball no local data for call-bound@https://registry.npmjs.org/call-bound/-/call-bound-1.0.4.tgz. Extracting by manifest.
719 silly tarball no local data for side-channel-map@https://registry.npmjs.org/side-channel-map/-/side-channel-map-1.0.1.tgz. Extracting by manifest.
720 silly tarball no local data for object-inspect@https://registry.npmjs.org/object-inspect/-/object-inspect-1.13.4.tgz. Extracting by manifest.
721 silly tarball no local data for side-channel-weakmap@https://registry.npmjs.org/side-channel-weakmap/-/side-channel-weakmap-1.0.2.tgz. Extracting by manifest.
722 silly tarball no local data for side-channel-list@https://registry.npmjs.org/side-channel-list/-/side-channel-list-1.0.0.tgz. Extracting by manifest.
723 silly tarball no local data for is-promise@https://registry.npmjs.org/is-promise/-/is-promise-4.0.0.tgz. Extracting by manifest.
724 silly tarball no local data for es-errors@https://registry.npmjs.org/es-errors/-/es-errors-1.3.0.tgz. Extracting by manifest.
725 silly tarball no local data for path-to-regexp@https://registry.npmjs.org/path-to-regexp/-/path-to-regexp-8.2.0.tgz. Extracting by manifest.
726 silly tarball no local data for unpipe@https://registry.npmjs.org/unpipe/-/unpipe-1.0.0.tgz. Extracting by manifest.
727 silly tarball no local data for ipaddr.js@https://registry.npmjs.org/ipaddr.js/-/ipaddr.js-1.9.1.tgz. Extracting by manifest.
728 silly tarball no local data for wrappy@https://registry.npmjs.org/wrappy/-/wrappy-1.0.2.tgz. Extracting by manifest.
729 silly tarball no local data for @types/webidl-conversions@https://registry.npmjs.org/@types/webidl-conversions/-/webidl-conversions-7.0.3.tgz. Extracting by manifest.
730 silly tarball no local data for forwarded@https://registry.npmjs.org/forwarded/-/forwarded-0.2.0.tgz. Extracting by manifest.
731 silly tarball no local data for side-channel@https://registry.npmjs.org/side-channel/-/side-channel-1.1.0.tgz. Extracting by manifest.
732 silly tarball no local data for ee-first@https://registry.npmjs.org/ee-first/-/ee-first-1.1.1.tgz. Extracting by manifest.
733 silly tarball no local data for @types/whatwg-url@https://registry.npmjs.org/@types/whatwg-url/-/whatwg-url-11.0.5.tgz. Extracting by manifest.
734 silly tarball no local data for whatwg-url@https://registry.npmjs.org/whatwg-url/-/whatwg-url-14.2.0.tgz. Extracting by manifest.
735 silly tarball no local data for sparse-bitfield@https://registry.npmjs.org/sparse-bitfield/-/sparse-bitfield-3.0.3.tgz. Extracting by manifest.
736 silly tarball no local data for @mongodb-js/saslprep@https://registry.npmjs.org/@mongodb-js/saslprep/-/saslprep-1.3.0.tgz. Extracting by manifest.
737 silly tarball no local data for mongodb-connection-string-url@https://registry.npmjs.org/mongodb-connection-string-url/-/mongodb-connection-string-url-3.0.2.tgz. Extracting by manifest.
738 silly tarball no local data for mquery@https://registry.npmjs.org/mquery/-/mquery-5.0.0.tgz. Extracting by manifest.
739 silly tarball no local data for sift@https://registry.npmjs.org/sift/-/sift-17.1.3.tgz. Extracting by manifest.
740 silly tarball no local data for mongodb@https://registry.npmjs.org/mongodb/-/mongodb-6.18.0.tgz. Extracting by manifest.
741 silly tarball no local data for bson@https://registry.npmjs.org/bson/-/bson-6.10.4.tgz. Extracting by manifest.
742 silly tarball no local data for kareem@https://registry.npmjs.org/kareem/-/kareem-2.6.3.tgz. Extracting by manifest.
743 silly tarball no local data for mime-db@https://registry.npmjs.org/mime-db/-/mime-db-1.54.0.tgz. Extracting by manifest.
744 silly tarball no local data for mpath@https://registry.npmjs.org/mpath/-/mpath-0.9.0.tgz. Extracting by manifest.
745 silly tarball no local data for ecdsa-sig-formatter@https://registry.npmjs.org/ecdsa-sig-formatter/-/ecdsa-sig-formatter-1.0.11.tgz. Extracting by manifest.
746 silly tarball no local data for buffer-equal-constant-time@https://registry.npmjs.org/buffer-equal-constant-time/-/buffer-equal-constant-time-1.0.1.tgz. Extracting by manifest.
747 silly tarball no local data for jwa@https://registry.npmjs.org/jwa/-/jwa-1.4.2.tgz. Extracting by manifest.
748 silly tarball no local data for lodash.once@https://registry.npmjs.org/lodash.once/-/lodash.once-4.1.1.tgz. Extracting by manifest.
749 silly tarball no local data for semver@https://registry.npmjs.org/semver/-/semver-7.7.2.tgz. Extracting by manifest.
750 silly tarball no local data for lodash.isnumber@https://registry.npmjs.org/lodash.isnumber/-/lodash.isnumber-3.0.3.tgz. Extracting by manifest.
751 silly tarball no local data for lodash.isstring@https://registry.npmjs.org/lodash.isstring/-/lodash.isstring-4.0.1.tgz. Extracting by manifest.
752 silly tarball no local data for lodash.isinteger@https://registry.npmjs.org/lodash.isinteger/-/lodash.isinteger-4.0.4.tgz. Extracting by manifest.
753 silly tarball no local data for lodash.isplainobject@https://registry.npmjs.org/lodash.isplainobject/-/lodash.isplainobject-4.0.6.tgz. Extracting by manifest.
754 silly tarball no local data for jws@https://registry.npmjs.org/jws/-/jws-3.2.2.tgz. Extracting by manifest.
755 silly tarball no local data for lodash.isboolean@https://registry.npmjs.org/lodash.isboolean/-/lodash.isboolean-3.0.3.tgz. Extracting by manifest.
756 silly tarball no local data for toidentifier@https://registry.npmjs.org/toidentifier/-/toidentifier-1.0.1.tgz. Extracting by manifest.
757 silly tarball no local data for lodash.includes@https://registry.npmjs.org/lodash.includes/-/lodash.includes-4.3.0.tgz. Extracting by manifest.
758 silly tarball no local data for safer-buffer@https://registry.npmjs.org/safer-buffer/-/safer-buffer-2.1.2.tgz. Extracting by manifest.
759 silly tarball no local data for setprototypeof@https://registry.npmjs.org/setprototypeof/-/setprototypeof-1.2.0.tgz. Extracting by manifest.
760 silly tarball no local data for inherits@https://registry.npmjs.org/inherits/-/inherits-2.0.4.tgz. Extracting by manifest.
761 silly tarball no local data for validator@https://registry.npmjs.org/validator/-/validator-13.12.0.tgz. Extracting by manifest.
762 silly tarball no local data for depd@https://registry.npmjs.org/depd/-/depd-2.0.0.tgz. Extracting by manifest.
763 silly tarball no local data for lodash@https://registry.npmjs.org/lodash/-/lodash-4.17.21.tgz. Extracting by manifest.
764 silly tarball no local data for ms@https://registry.npmjs.org/ms/-/ms-2.1.3.tgz. Extracting by manifest.
765 silly tarball no local data for iconv-lite@https://registry.npmjs.org/iconv-lite/-/iconv-lite-0.6.3.tgz. Extracting by manifest.
766 silly tarball no local data for raw-body@https://registry.npmjs.org/raw-body/-/raw-body-3.0.0.tgz. Extracting by manifest.
767 silly tarball no local data for safe-buffer@https://registry.npmjs.org/safe-buffer/-/safe-buffer-5.2.1.tgz. Extracting by manifest.
768 silly tarball no local data for negotiator@https://registry.npmjs.org/negotiator/-/negotiator-1.0.0.tgz. Extracting by manifest.
769 silly tarball no local data for statuses@https://registry.npmjs.org/statuses/-/statuses-2.0.2.tgz. Extracting by manifest.
770 silly tarball no local data for serve-static@https://registry.npmjs.org/serve-static/-/serve-static-2.2.0.tgz. Extracting by manifest.
771 silly tarball no local data for bytes@https://registry.npmjs.org/bytes/-/bytes-3.1.2.tgz. Extracting by manifest.
772 silly tarball no local data for send@https://registry.npmjs.org/send/-/send-1.2.0.tgz. Extracting by manifest.
773 silly tarball no local data for type-is@https://registry.npmjs.org/type-is/-/type-is-2.0.1.tgz. Extracting by manifest.
774 silly tarball no local data for router@https://registry.npmjs.org/router/-/router-2.2.0.tgz. Extracting by manifest.
775 silly tarball no local data for range-parser@https://registry.npmjs.org/range-parser/-/range-parser-1.2.1.tgz. Extracting by manifest.
776 silly tarball no local data for qs@https://registry.npmjs.org/qs/-/qs-6.14.0.tgz. Extracting by manifest.
777 silly tarball no local data for parseurl@https://registry.npmjs.org/parseurl/-/parseurl-1.3.3.tgz. Extracting by manifest.
778 silly tarball no local data for once@https://registry.npmjs.org/once/-/once-1.4.0.tgz. Extracting by manifest.
779 silly tarball no local data for proxy-addr@https://registry.npmjs.org/proxy-addr/-/proxy-addr-2.0.7.tgz. Extracting by manifest.
780 silly tarball no local data for on-finished@https://registry.npmjs.org/on-finished/-/on-finished-2.4.1.tgz. Extracting by manifest.
781 silly tarball no local data for mime-types@https://registry.npmjs.org/mime-types/-/mime-types-3.0.1.tgz. Extracting by manifest.
782 silly tarball no local data for merge-descriptors@https://registry.npmjs.org/merge-descriptors/-/merge-descriptors-2.0.0.tgz. Extracting by manifest.
783 silly tarball no local data for http-errors@https://registry.npmjs.org/http-errors/-/http-errors-2.0.0.tgz. Extracting by manifest.
784 silly tarball no local data for finalhandler@https://registry.npmjs.org/finalhandler/-/finalhandler-2.1.0.tgz. Extracting by manifest.
785 silly tarball no local data for fresh@https://registry.npmjs.org/fresh/-/fresh-2.0.0.tgz. Extracting by manifest.
786 silly tarball no local data for etag@https://registry.npmjs.org/etag/-/etag-1.8.1.tgz. Extracting by manifest.
787 silly tarball no local data for debug@https://registry.npmjs.org/debug/-/debug-4.4.1.tgz. Extracting by manifest.
788 silly tarball no local data for encodeurl@https://registry.npmjs.org/encodeurl/-/encodeurl-2.0.0.tgz. Extracting by manifest.
789 silly tarball no local data for cookie-signature@https://registry.npmjs.org/cookie-signature/-/cookie-signature-1.2.2.tgz. Extracting by manifest.
790 silly tarball no local data for escape-html@https://registry.npmjs.org/escape-html/-/escape-html-1.0.3.tgz. Extracting by manifest.
791 silly tarball no local data for cookie@https://registry.npmjs.org/cookie/-/cookie-0.7.2.tgz. Extracting by manifest.
792 silly tarball no local data for content-type@https://registry.npmjs.org/content-type/-/content-type-1.0.5.tgz. Extracting by manifest.
793 silly tarball no local data for content-disposition@https://registry.npmjs.org/content-disposition/-/content-disposition-1.0.0.tgz. Extracting by manifest.
794 silly tarball no local data for body-parser@https://registry.npmjs.org/body-parser/-/body-parser-2.2.0.tgz. Extracting by manifest.
795 silly tarball no local data for accepts@https://registry.npmjs.org/accepts/-/accepts-2.0.0.tgz. Extracting by manifest.
796 silly tarball no local data for object-assign@https://registry.npmjs.org/object-assign/-/object-assign-4.1.1.tgz. Extracting by manifest.
797 silly tarball no local data for vary@https://registry.npmjs.org/vary/-/vary-1.1.2.tgz. Extracting by manifest.
798 silly tarball no local data for express-validator@https://registry.npmjs.org/express-validator/-/express-validator-7.2.1.tgz. Extracting by manifest.
799 silly tarball no local data for mongoose@https://registry.npmjs.org/mongoose/-/mongoose-8.17.2.tgz. Extracting by manifest.
800 silly tarball no local data for express@https://registry.npmjs.org/express/-/express-5.1.0.tgz. Extracting by manifest.
801 silly tarball no local data for cors@https://registry.npmjs.org/cors/-/cors-2.8.5.tgz. Extracting by manifest.
802 silly tarball no local data for jsonwebtoken@https://registry.npmjs.org/jsonwebtoken/-/jsonwebtoken-9.0.2.tgz. Extracting by manifest.
803 silly tarball no local data for dotenv@https://registry.npmjs.org/dotenv/-/dotenv-17.2.1.tgz. Extracting by manifest.
804 silly tarball no local data for bcryptjs@https://registry.npmjs.org/bcryptjs/-/bcryptjs-3.0.2.tgz. Extracting by manifest.
805 silly tarball no local data for statuses@https://registry.npmjs.org/statuses/-/statuses-2.0.1.tgz. Extracting by manifest.
806 http fetch GET 200 https://registry.npmjs.org/dunder-proto/-/dunder-proto-1.0.1.tgz 277ms (cache miss)
807 http fetch GET 200 https://registry.npmjs.org/has-symbols/-/has-symbols-1.1.0.tgz 277ms (cache miss)
808 http fetch GET 200 https://registry.npmjs.org/es-object-atoms/-/es-object-atoms-1.1.1.tgz 276ms (cache miss)
809 http fetch GET 200 https://registry.npmjs.org/memory-pager/-/memory-pager-1.5.0.tgz 281ms (cache miss)
810 http fetch GET 200 https://registry.npmjs.org/media-typer/-/media-typer-1.1.0.tgz 281ms (cache miss)
811 http fetch GET 200 https://registry.npmjs.org/webidl-conversions/-/webidl-conversions-7.0.0.tgz 284ms (cache miss)
812 http fetch GET 200 https://registry.npmjs.org/hasown/-/hasown-2.0.2.tgz 281ms (cache miss)
813 http fetch GET 200 https://registry.npmjs.org/gopd/-/gopd-1.2.0.tgz 284ms (cache miss)
814 http fetch GET 200 https://registry.npmjs.org/punycode/-/punycode-2.3.1.tgz 290ms (cache miss)
815 http fetch GET 200 https://registry.npmjs.org/tr46/-/tr46-5.1.1.tgz 325ms (cache miss)
816 http fetch GET 200 https://registry.npmjs.org/get-intrinsic/-/get-intrinsic-1.3.0.tgz 330ms (cache miss)
817 http fetch GET 200 https://registry.npmjs.org/side-channel-map/-/side-channel-map-1.0.1.tgz 462ms (cache miss)
818 http fetch GET 200 https://registry.npmjs.org/unpipe/-/unpipe-1.0.0.tgz 458ms (cache miss)
819 http fetch GET 200 https://registry.npmjs.org/es-errors/-/es-errors-1.3.0.tgz 460ms (cache miss)
820 http fetch GET 200 https://registry.npmjs.org/side-channel-weakmap/-/side-channel-weakmap-1.0.2.tgz 468ms (cache miss)
821 http fetch GET 200 https://registry.npmjs.org/side-channel-list/-/side-channel-list-1.0.0.tgz 469ms (cache miss)
822 http fetch GET 200 https://registry.npmjs.org/is-promise/-/is-promise-4.0.0.tgz 470ms (cache miss)
823 http fetch GET 200 https://registry.npmjs.org/ipaddr.js/-/ipaddr.js-1.9.1.tgz 469ms (cache miss)
824 http fetch GET 200 https://registry.npmjs.org/call-bound/-/call-bound-1.0.4.tgz 476ms (cache miss)
825 http fetch GET 200 https://registry.npmjs.org/wrappy/-/wrappy-1.0.2.tgz 471ms (cache miss)
826 http fetch GET 200 https://registry.npmjs.org/path-to-regexp/-/path-to-regexp-8.2.0.tgz 500ms (cache miss)
827 http fetch GET 200 https://registry.npmjs.org/forwarded/-/forwarded-0.2.0.tgz 510ms (cache miss)
828 http fetch GET 200 https://registry.npmjs.org/side-channel/-/side-channel-1.1.0.tgz 529ms (cache miss)
829 http fetch GET 200 https://registry.npmjs.org/@types/webidl-conversions/-/webidl-conversions-7.0.3.tgz 551ms (cache miss)
830 http fetch GET 200 https://registry.npmjs.org/ee-first/-/ee-first-1.1.1.tgz 557ms (cache miss)
831 http fetch GET 200 https://registry.npmjs.org/mongodb-connection-string-url/-/mongodb-connection-string-url-3.0.2.tgz 662ms (cache miss)
832 http fetch GET 200 https://registry.npmjs.org/@types/whatwg-url/-/whatwg-url-11.0.5.tgz 666ms (cache miss)
833 http fetch GET 200 https://registry.npmjs.org/sparse-bitfield/-/sparse-bitfield-3.0.3.tgz 668ms (cache miss)
834 http fetch GET 200 https://registry.npmjs.org/math-intrinsics/-/math-intrinsics-1.1.0.tgz 730ms (cache miss)
835 http fetch GET 200 https://registry.npmjs.org/es-define-property/-/es-define-property-1.0.1.tgz 747ms (cache miss)
836 http fetch GET 200 https://registry.npmjs.org/function-bind/-/function-bind-1.1.2.tgz 787ms (cache miss)
837 http fetch GET 200 https://registry.npmjs.org/get-proto/-/get-proto-1.0.1.tgz 800ms (cache miss)
838 http fetch GET 200 https://registry.npmjs.org/mquery/-/mquery-5.0.0.tgz 801ms (cache miss)
839 http fetch GET 200 https://registry.npmjs.org/whatwg-url/-/whatwg-url-14.2.0.tgz 805ms (cache miss)
840 http fetch GET 200 https://registry.npmjs.org/call-bind-apply-helpers/-/call-bind-apply-helpers-1.0.2.tgz 831ms (cache miss)
841 http fetch GET 200 https://registry.npmjs.org/object-inspect/-/object-inspect-1.13.4.tgz 837ms (cache miss)
842 http fetch GET 200 https://registry.npmjs.org/@mongodb-js/saslprep/-/saslprep-1.3.0.tgz 864ms (cache miss)
843 http fetch GET 200 https://registry.npmjs.org/mime-db/-/mime-db-1.54.0.tgz 1240ms (cache miss)
844 http fetch GET 200 https://registry.npmjs.org/kareem/-/kareem-2.6.3.tgz 1431ms (cache miss)
845 http fetch GET 200 https://registry.npmjs.org/sift/-/sift-17.1.3.tgz 1451ms (cache miss)
846 http fetch GET 200 https://registry.npmjs.org/ecdsa-sig-formatter/-/ecdsa-sig-formatter-1.0.11.tgz 1549ms (cache miss)
847 http fetch GET 200 https://registry.npmjs.org/buffer-equal-constant-time/-/buffer-equal-constant-time-1.0.1.tgz 1550ms (cache miss)
848 http fetch GET 200 https://registry.npmjs.org/mpath/-/mpath-0.9.0.tgz 1552ms (cache miss)
849 http fetch GET 200 https://registry.npmjs.org/lodash.once/-/lodash.once-4.1.1.tgz 1552ms (cache miss)
850 http fetch GET 200 https://registry.npmjs.org/jwa/-/jwa-1.4.2.tgz 1553ms (cache miss)
851 http fetch GET 200 https://registry.npmjs.org/lodash.isnumber/-/lodash.isnumber-3.0.3.tgz 1554ms (cache miss)
852 http fetch GET 200 https://registry.npmjs.org/lodash.isplainobject/-/lodash.isplainobject-4.0.6.tgz 1558ms (cache miss)
853 http fetch GET 200 https://registry.npmjs.org/lodash.isstring/-/lodash.isstring-4.0.1.tgz 1562ms (cache miss)
854 http fetch GET 200 https://registry.npmjs.org/lodash.isinteger/-/lodash.isinteger-4.0.4.tgz 1564ms (cache miss)
855 http fetch GET 200 https://registry.npmjs.org/semver/-/semver-7.7.2.tgz 1656ms (cache miss)
856 http fetch GET 200 https://registry.npmjs.org/jws/-/jws-3.2.2.tgz 1715ms (cache miss)
857 http fetch GET 200 https://registry.npmjs.org/lodash.isboolean/-/lodash.isboolean-3.0.3.tgz 1821ms (cache miss)
858 http fetch GET 200 https://registry.npmjs.org/lodash.includes/-/lodash.includes-4.3.0.tgz 1828ms (cache miss)
859 http fetch GET 200 https://registry.npmjs.org/toidentifier/-/toidentifier-1.0.1.tgz 1828ms (cache miss)
860 http fetch GET 200 https://registry.npmjs.org/safer-buffer/-/safer-buffer-2.1.2.tgz 1835ms (cache miss)
861 http fetch GET 200 https://registry.npmjs.org/depd/-/depd-2.0.0.tgz 1838ms (cache miss)
862 http fetch GET 200 https://registry.npmjs.org/inherits/-/inherits-2.0.4.tgz 1841ms (cache miss)
863 http fetch GET 200 https://registry.npmjs.org/setprototypeof/-/setprototypeof-1.2.0.tgz 1843ms (cache miss)
864 http fetch GET 200 https://registry.npmjs.org/ms/-/ms-2.1.3.tgz 1913ms (cache miss)
865 http fetch GET 200 https://registry.npmjs.org/raw-body/-/raw-body-3.0.0.tgz 1932ms (cache miss)
866 http fetch GET 200 https://registry.npmjs.org/bson/-/bson-6.10.4.tgz 1991ms (cache miss)
867 http fetch GET 200 https://registry.npmjs.org/safe-buffer/-/safe-buffer-5.2.1.tgz 2026ms (cache miss)
868 http fetch GET 200 https://registry.npmjs.org/statuses/-/statuses-2.0.2.tgz 2026ms (cache miss)
869 http fetch GET 200 https://registry.npmjs.org/type-is/-/type-is-2.0.1.tgz 2026ms (cache miss)
870 http fetch GET 200 https://registry.npmjs.org/negotiator/-/negotiator-1.0.0.tgz 2028ms (cache miss)
871 http fetch GET 200 https://registry.npmjs.org/router/-/router-2.2.0.tgz 2026ms (cache miss)
872 http fetch GET 200 https://registry.npmjs.org/range-parser/-/range-parser-1.2.1.tgz 2027ms (cache miss)
873 http fetch GET 200 https://registry.npmjs.org/bytes/-/bytes-3.1.2.tgz 2037ms (cache miss)
874 http fetch GET 200 https://registry.npmjs.org/serve-static/-/serve-static-2.2.0.tgz 2039ms (cache miss)
875 http fetch GET 200 https://registry.npmjs.org/send/-/send-1.2.0.tgz 2039ms (cache miss)
876 http fetch GET 200 https://registry.npmjs.org/once/-/once-1.4.0.tgz 2109ms (cache miss)
877 http fetch GET 200 https://registry.npmjs.org/parseurl/-/parseurl-1.3.3.tgz 2121ms (cache miss)
878 http fetch GET 200 https://registry.npmjs.org/on-finished/-/on-finished-2.4.1.tgz 2119ms (cache miss)
879 http fetch GET 200 https://registry.npmjs.org/merge-descriptors/-/merge-descriptors-2.0.0.tgz 2120ms (cache miss)
880 http fetch GET 200 https://registry.npmjs.org/finalhandler/-/finalhandler-2.1.0.tgz 2124ms (cache miss)
881 http fetch GET 200 https://registry.npmjs.org/proxy-addr/-/proxy-addr-2.0.7.tgz 2132ms (cache miss)
882 http fetch GET 200 https://registry.npmjs.org/http-errors/-/http-errors-2.0.0.tgz 2129ms (cache miss)
883 http fetch GET 200 https://registry.npmjs.org/mime-types/-/mime-types-3.0.1.tgz 2155ms (cache miss)
884 http fetch GET 200 https://registry.npmjs.org/qs/-/qs-6.14.0.tgz 2183ms (cache miss)
885 http fetch GET 200 https://registry.npmjs.org/iconv-lite/-/iconv-lite-0.6.3.tgz 2221ms (cache miss)
886 http fetch GET 200 https://registry.npmjs.org/fresh/-/fresh-2.0.0.tgz 2369ms (cache miss)
887 http fetch GET 200 https://registry.npmjs.org/encodeurl/-/encodeurl-2.0.0.tgz 2378ms (cache miss)
888 http fetch GET 200 https://registry.npmjs.org/debug/-/debug-4.4.1.tgz 2387ms (cache miss)
889 http fetch GET 200 https://registry.npmjs.org/etag/-/etag-1.8.1.tgz 2389ms (cache miss)
890 http fetch GET 200 https://registry.npmjs.org/body-parser/-/body-parser-2.2.0.tgz 2386ms (cache miss)
891 http fetch GET 200 https://registry.npmjs.org/cookie-signature/-/cookie-signature-1.2.2.tgz 2392ms (cache miss)
892 http fetch GET 200 https://registry.npmjs.org/accepts/-/accepts-2.0.0.tgz 2387ms (cache miss)
893 http fetch GET 200 https://registry.npmjs.org/escape-html/-/escape-html-1.0.3.tgz 2393ms (cache miss)
894 http fetch GET 200 https://registry.npmjs.org/content-disposition/-/content-disposition-1.0.0.tgz 2394ms (cache miss)
895 http fetch GET 200 https://registry.npmjs.org/object-assign/-/object-assign-4.1.1.tgz 2392ms (cache miss)
896 http fetch GET 200 https://registry.npmjs.org/content-type/-/content-type-1.0.5.tgz 2399ms (cache miss)
897 http fetch GET 200 https://registry.npmjs.org/vary/-/vary-1.1.2.tgz 2397ms (cache miss)
898 http fetch GET 200 https://registry.npmjs.org/cookie/-/cookie-0.7.2.tgz 2413ms (cache miss)
899 http fetch GET 200 https://registry.npmjs.org/cors/-/cors-2.8.5.tgz 2481ms (cache miss)
900 http fetch GET 200 https://registry.npmjs.org/statuses/-/statuses-2.0.1.tgz 2477ms (cache miss)
901 http fetch GET 200 https://registry.npmjs.org/jsonwebtoken/-/jsonwebtoken-9.0.2.tgz 2491ms (cache miss)
902 http fetch GET 200 https://registry.npmjs.org/dotenv/-/dotenv-17.2.1.tgz 2552ms (cache miss)
903 http fetch GET 200 https://registry.npmjs.org/express/-/express-5.1.0.tgz 2555ms (cache miss)
904 http fetch GET 200 https://registry.npmjs.org/bcryptjs/-/bcryptjs-3.0.2.tgz 2550ms (cache miss)
905 http fetch GET 200 https://registry.npmjs.org/express-validator/-/express-validator-7.2.1.tgz 2666ms (cache miss)
906 http fetch GET 200 https://registry.npmjs.org/validator/-/validator-13.12.0.tgz 2852ms (cache miss)
907 http fetch GET 200 https://registry.npmjs.org/mongodb/-/mongodb-6.18.0.tgz 2931ms (cache miss)
908 http fetch GET 200 https://registry.npmjs.org/mongoose/-/mongoose-8.17.2.tgz 3400ms (cache miss)
909 http fetch GET 200 https://registry.npmjs.org/lodash/-/lodash-4.17.21.tgz 4514ms (cache miss)
910 silly ADD node_modules/punycode
911 silly ADD node_modules/webidl-conversions
912 silly ADD node_modules/tr46
913 silly ADD node_modules/media-typer
914 silly ADD node_modules/memory-pager
915 silly ADD node_modules/dunder-proto
916 silly ADD node_modules/math-intrinsics
917 silly ADD node_modules/hasown
918 silly ADD node_modules/has-symbols
919 silly ADD node_modules/gopd
920 silly ADD node_modules/get-proto
921 silly ADD node_modules/es-object-atoms
922 silly ADD node_modules/es-define-property
923 silly ADD node_modules/function-bind
924 silly ADD node_modules/call-bind-apply-helpers
925 silly ADD node_modules/get-intrinsic
926 silly ADD node_modules/call-bound
927 silly ADD node_modules/side-channel-weakmap
928 silly ADD node_modules/side-channel-map
929 silly ADD node_modules/side-channel-list
930 silly ADD node_modules/object-inspect
931 silly ADD node_modules/es-errors
932 silly ADD node_modules/path-to-regexp
933 silly ADD node_modules/is-promise
934 silly ADD node_modules/unpipe
935 silly ADD node_modules/side-channel
936 silly ADD node_modules/ipaddr.js
937 silly ADD node_modules/forwarded
938 silly ADD node_modules/wrappy
939 silly ADD node_modules/ee-first
940 silly ADD node_modules/@types/webidl-conversions
941 silly ADD node_modules/whatwg-url
942 silly ADD node_modules/@types/whatwg-url
943 silly ADD node_modules/sparse-bitfield
944 silly ADD node_modules/mongodb-connection-string-url
945 silly ADD node_modules/@mongodb-js/saslprep
946 silly ADD node_modules/sift
947 silly ADD node_modules/mquery
948 silly ADD node_modules/mpath
949 silly ADD node_modules/mongodb
950 silly ADD node_modules/kareem
951 silly ADD node_modules/bson
952 silly ADD node_modules/mime-db
953 silly ADD node_modules/ecdsa-sig-formatter
954 silly ADD node_modules/buffer-equal-constant-time
955 silly ADD node_modules/jwa
956 silly ADD node_modules/semver
957 silly ADD node_modules/lodash.once
958 silly ADD node_modules/lodash.isstring
959 silly ADD node_modules/lodash.isplainobject
960 silly ADD node_modules/lodash.isnumber
961 silly ADD node_modules/lodash.isinteger
962 silly ADD node_modules/lodash.isboolean
963 silly ADD node_modules/lodash.includes
964 silly ADD node_modules/jws
965 silly ADD node_modules/safer-buffer
966 silly ADD node_modules/toidentifier
967 silly ADD node_modules/setprototypeof
968 silly ADD node_modules/inherits
969 silly ADD node_modules/depd
970 silly ADD node_modules/validator
971 silly ADD node_modules/lodash
972 silly ADD node_modules/ms
973 silly ADD node_modules/safe-buffer
974 silly ADD node_modules/raw-body
975 silly ADD node_modules/iconv-lite
976 silly ADD node_modules/bytes
977 silly ADD node_modules/negotiator
978 silly ADD node_modules/type-is
979 silly ADD node_modules/statuses
980 silly ADD node_modules/serve-static
981 silly ADD node_modules/send
982 silly ADD node_modules/router
983 silly ADD node_modules/range-parser
984 silly ADD node_modules/qs
985 silly ADD node_modules/proxy-addr
986 silly ADD node_modules/parseurl
987 silly ADD node_modules/once
988 silly ADD node_modules/on-finished
989 silly ADD node_modules/mime-types
990 silly ADD node_modules/merge-descriptors
991 silly ADD node_modules/http-errors
992 silly ADD node_modules/http-errors/node_modules/statuses
993 silly ADD node_modules/fresh
994 silly ADD node_modules/finalhandler
995 silly ADD node_modules/etag
996 silly ADD node_modules/escape-html
997 silly ADD node_modules/encodeurl
998 silly ADD node_modules/debug
999 silly ADD node_modules/cookie-signature
1000 silly ADD node_modules/cookie
1001 silly ADD node_modules/content-type
1002 silly ADD node_modules/content-disposition
1003 silly ADD node_modules/body-parser
1004 silly ADD node_modules/accepts
1005 silly ADD node_modules/vary
1006 silly ADD node_modules/object-assign
1007 silly ADD node_modules/mongoose
1008 silly ADD node_modules/jsonwebtoken
1009 silly ADD node_modules/express-validator
1010 silly ADD node_modules/express
1011 silly ADD node_modules/dotenv
1012 silly ADD node_modules/cors
1013 silly ADD node_modules/bcryptjs
1014 verbose cwd C:\Users\JIMUTHA\Desktop\GamageRec\2nd\library\library-mana\backend
1015 verbose os Windows_NT 10.0.26100
1016 verbose node v22.18.0
1017 verbose npm  v11.5.2
1018 verbose exit 0
1019 info ok
